2023-01-13 18:35:26,159 DEBUG org.jboss.logging.LoggerProviders [background-preinit] Logging Provider: org.jboss.logging.Log4j2LoggerProvider
2023-01-13 18:35:26,159 INFO org.springframework.boot.StartupInfoLogger [main] Starting ClothshopApplication using Java 17.0.5 on DESKTOP-NEVGVO4 with PID 25248 (C:\Users\Joserra\Desktop\MisCursos\DAM\Curso2023\clothshop\target\classes started by Joserra in C:\Users\Joserra\Desktop\MisCursos\DAM\Curso2023\clothshop)
2023-01-13 18:35:26,163 DEBUG org.springframework.boot.StartupInfoLogger [main] Running with Spring Boot v2.7.7, Spring v5.3.24
2023-01-13 18:35:26,164 INFO org.springframework.boot.SpringApplication [main] No active profile set, falling back to 1 default profile: "default"
2023-01-13 18:35:27,324 INFO org.apache.juli.logging.DirectJDKLog [main] Initializing ProtocolHandler ["http-nio-8081"]
2023-01-13 18:35:27,325 INFO org.apache.juli.logging.DirectJDKLog [main] Starting service [Tomcat]
2023-01-13 18:35:27,327 INFO org.apache.juli.logging.DirectJDKLog [main] Starting Servlet engine: [Apache Tomcat/9.0.70]
2023-01-13 18:35:27,411 INFO org.apache.juli.logging.DirectJDKLog [main] Initializing Spring embedded WebApplicationContext
2023-01-13 18:35:27,510 DEBUG com.zaxxer.hikari.HikariConfig [main] Driver class org.h2.Driver found in Thread context class loader jdk.internal.loader.ClassLoaders$AppClassLoader@73d16e93
2023-01-13 18:35:27,848 DEBUG com.zaxxer.hikari.HikariConfig [main] HikariPool-1 - configuration:
2023-01-13 18:35:27,853 DEBUG com.zaxxer.hikari.HikariConfig [main] allowPoolSuspension................................false
2023-01-13 18:35:27,854 DEBUG com.zaxxer.hikari.HikariConfig [main] autoCommit................................true
2023-01-13 18:35:27,856 DEBUG com.zaxxer.hikari.HikariConfig [main] catalog................................none
2023-01-13 18:35:27,857 DEBUG com.zaxxer.hikari.HikariConfig [main] connectionInitSql................................none
2023-01-13 18:35:27,857 DEBUG com.zaxxer.hikari.HikariConfig [main] connectionTestQuery................................none
2023-01-13 18:35:27,857 DEBUG com.zaxxer.hikari.HikariConfig [main] connectionTimeout................................30000
2023-01-13 18:35:27,858 DEBUG com.zaxxer.hikari.HikariConfig [main] dataSource................................none
2023-01-13 18:35:27,858 DEBUG com.zaxxer.hikari.HikariConfig [main] dataSourceClassName................................none
2023-01-13 18:35:27,858 DEBUG com.zaxxer.hikari.HikariConfig [main] dataSourceJNDI................................none
2023-01-13 18:35:27,859 DEBUG com.zaxxer.hikari.HikariConfig [main] dataSourceProperties................................{password=<masked>}
2023-01-13 18:35:27,859 DEBUG com.zaxxer.hikari.HikariConfig [main] driverClassName................................"org.h2.Driver"
2023-01-13 18:35:27,859 DEBUG com.zaxxer.hikari.HikariConfig [main] exceptionOverrideClassName................................none
2023-01-13 18:35:27,860 DEBUG com.zaxxer.hikari.HikariConfig [main] healthCheckProperties................................{}
2023-01-13 18:35:27,860 DEBUG com.zaxxer.hikari.HikariConfig [main] healthCheckRegistry................................none
2023-01-13 18:35:27,860 DEBUG com.zaxxer.hikari.HikariConfig [main] idleTimeout................................600000
2023-01-13 18:35:27,860 DEBUG com.zaxxer.hikari.HikariConfig [main] initializationFailTimeout................................1
2023-01-13 18:35:27,861 DEBUG com.zaxxer.hikari.HikariConfig [main] isolateInternalQueries................................false
2023-01-13 18:35:27,861 DEBUG com.zaxxer.hikari.HikariConfig [main] jdbcUrl................................jdbc:h2:file:C:/Users/Joserra/clothshop.db
2023-01-13 18:35:27,861 DEBUG com.zaxxer.hikari.HikariConfig [main] keepaliveTime................................0
2023-01-13 18:35:27,861 DEBUG com.zaxxer.hikari.HikariConfig [main] leakDetectionThreshold................................0
2023-01-13 18:35:27,861 DEBUG com.zaxxer.hikari.HikariConfig [main] maxLifetime................................1800000
2023-01-13 18:35:27,862 DEBUG com.zaxxer.hikari.HikariConfig [main] maximumPoolSize................................10
2023-01-13 18:35:27,862 DEBUG com.zaxxer.hikari.HikariConfig [main] metricRegistry................................none
2023-01-13 18:35:27,862 DEBUG com.zaxxer.hikari.HikariConfig [main] metricsTrackerFactory................................none
2023-01-13 18:35:27,862 DEBUG com.zaxxer.hikari.HikariConfig [main] minimumIdle................................10
2023-01-13 18:35:27,863 DEBUG com.zaxxer.hikari.HikariConfig [main] password................................<masked>
2023-01-13 18:35:27,863 DEBUG com.zaxxer.hikari.HikariConfig [main] poolName................................"HikariPool-1"
2023-01-13 18:35:27,863 DEBUG com.zaxxer.hikari.HikariConfig [main] readOnly................................false
2023-01-13 18:35:27,863 DEBUG com.zaxxer.hikari.HikariConfig [main] registerMbeans................................false
2023-01-13 18:35:27,863 DEBUG com.zaxxer.hikari.HikariConfig [main] scheduledExecutor................................none
2023-01-13 18:35:27,863 DEBUG com.zaxxer.hikari.HikariConfig [main] schema................................none
2023-01-13 18:35:27,864 DEBUG com.zaxxer.hikari.HikariConfig [main] threadFactory................................internal
2023-01-13 18:35:27,864 DEBUG com.zaxxer.hikari.HikariConfig [main] transactionIsolation................................default
2023-01-13 18:35:27,864 DEBUG com.zaxxer.hikari.HikariConfig [main] username................................"clothuser"
2023-01-13 18:35:27,864 DEBUG com.zaxxer.hikari.HikariConfig [main] validationTimeout................................5000
2023-01-13 18:35:27,864 INFO com.zaxxer.hikari.HikariDataSource [main] HikariPool-1 - Starting...
2023-01-13 18:35:28,063 DEBUG com.zaxxer.hikari.pool.HikariPool [main] HikariPool-1 - Added connection conn0: url=jdbc:h2:file:C:/Users/Joserra/clothshop.db user=CLOTHUSER
2023-01-13 18:35:28,064 INFO com.zaxxer.hikari.HikariDataSource [main] HikariPool-1 - Start completed.
2023-01-13 18:35:28,166 DEBUG com.zaxxer.hikari.pool.HikariPool [HikariPool-1 housekeeper] HikariPool-1 - Pool stats (total=1, active=0, idle=1, waiting=0)
2023-01-13 18:35:28,167 DEBUG com.zaxxer.hikari.pool.HikariPool$PoolEntryCreator [HikariPool-1 connection adder] HikariPool-1 - Added connection conn1: url=jdbc:h2:file:C:/Users/Joserra/clothshop.db user=CLOTHUSER
2023-01-13 18:35:28,168 DEBUG com.zaxxer.hikari.pool.HikariPool$PoolEntryCreator [HikariPool-1 connection adder] HikariPool-1 - Added connection conn2: url=jdbc:h2:file:C:/Users/Joserra/clothshop.db user=CLOTHUSER
2023-01-13 18:35:28,169 DEBUG com.zaxxer.hikari.pool.HikariPool$PoolEntryCreator [HikariPool-1 connection adder] HikariPool-1 - Added connection conn3: url=jdbc:h2:file:C:/Users/Joserra/clothshop.db user=CLOTHUSER
2023-01-13 18:35:28,169 DEBUG com.zaxxer.hikari.pool.HikariPool$PoolEntryCreator [HikariPool-1 connection adder] HikariPool-1 - Added connection conn4: url=jdbc:h2:file:C:/Users/Joserra/clothshop.db user=CLOTHUSER
2023-01-13 18:35:28,170 DEBUG com.zaxxer.hikari.pool.HikariPool$PoolEntryCreator [HikariPool-1 connection adder] HikariPool-1 - Added connection conn5: url=jdbc:h2:file:C:/Users/Joserra/clothshop.db user=CLOTHUSER
2023-01-13 18:35:28,171 DEBUG com.zaxxer.hikari.pool.HikariPool$PoolEntryCreator [HikariPool-1 connection adder] HikariPool-1 - Added connection conn6: url=jdbc:h2:file:C:/Users/Joserra/clothshop.db user=CLOTHUSER
2023-01-13 18:35:28,171 DEBUG com.zaxxer.hikari.pool.HikariPool$PoolEntryCreator [HikariPool-1 connection adder] HikariPool-1 - Added connection conn7: url=jdbc:h2:file:C:/Users/Joserra/clothshop.db user=CLOTHUSER
2023-01-13 18:35:28,172 DEBUG com.zaxxer.hikari.pool.HikariPool$PoolEntryCreator [HikariPool-1 connection adder] HikariPool-1 - Added connection conn8: url=jdbc:h2:file:C:/Users/Joserra/clothshop.db user=CLOTHUSER
2023-01-13 18:35:28,172 DEBUG com.zaxxer.hikari.pool.HikariPool$PoolEntryCreator [HikariPool-1 connection adder] HikariPool-1 - Added connection conn9: url=jdbc:h2:file:C:/Users/Joserra/clothshop.db user=CLOTHUSER
2023-01-13 18:35:28,173 DEBUG com.zaxxer.hikari.pool.HikariPool [HikariPool-1 connection adder] HikariPool-1 - After adding stats (total=10, active=0, idle=10, waiting=0)
2023-01-13 18:35:28,936 WARN org.springframework.boot.autoconfigure.orm.jpa.JpaBaseConfiguration$JpaWebConfiguration [main] spring.jpa.open-in-view is enabled by default. Therefore, database queries may be performed during view rendering. Explicitly configure spring.jpa.open-in-view to disable this warning
2023-01-13 18:35:29,286 DEBUG org.springframework.web.servlet.handler.AbstractHandlerMethodMapping [main] 
	c.s.c.c.ClientController:
	{PATCH [/clients/{id}]}: updateClientAddress(long,Client)
	{POST [/clients]}: addClient(Client)
	{PUT [/clients/{id}]}: updateClient(long,Client)
	{GET [/clients/{id}]}: getClientId(long)
	{GET [/clients]}: getClients(String)
	{DELETE [/clients/{id}]}: deleteClient(long)
2023-01-13 18:35:29,288 DEBUG org.springframework.web.servlet.handler.AbstractHandlerMethodMapping [main] 
	c.s.c.c.DiscountController:
	{PATCH [/discounts/{id}]}: updateDiscountPrice(long,Discount)
	{POST [/discounts]}: addDiscount(Discount)
	{GET [/discounts]}: getDiscounts(String)
	{GET [/discounts/{id}]}: getDiscountId(long)
	{DELETE [/discounts/{id}]}: deleteDiscount(long)
	{PUT [/discounts/{id}]}: updateDiscount(long,Discount)
2023-01-13 18:35:29,290 DEBUG org.springframework.web.servlet.handler.AbstractHandlerMethodMapping [main] 
	c.s.c.c.ProductController:
	{POST [/products]}: addProduct(Product)
	{GET [/products]}: getProducts(String)
	{PATCH [/products/{id}]}: updateProductStock(long,Product)
	{GET [/products/{id}]}: getProductId(long)
	{PUT [/products/{id}]}: updateProduct(long,Product)
	{DELETE [/products/{id}]}: deleteProducts(long)
2023-01-13 18:35:29,291 DEBUG org.springframework.web.servlet.handler.AbstractHandlerMethodMapping [main] 
	o.s.b.a.w.s.e.BasicErrorController:
	{ [/error]}: error(HttpServletRequest)
	{ [/error], produces [text/html]}: errorHtml(HttpServletRequest,HttpServletResponse)
2023-01-13 18:35:29,303 DEBUG org.springframework.web.servlet.handler.AbstractDetectingUrlHandlerMapping [main] 'beanNameHandlerMapping' {}
2023-01-13 18:35:29,321 DEBUG org.springframework.web.servlet.handler.SimpleUrlHandlerMapping [main] 'resourceHandlerMapping' {/webjars/**=ResourceHttpRequestHandler [classpath [META-INF/resources/webjars/]], /**=ResourceHttpRequestHandler [classpath [META-INF/resources/], classpath [resources/], classpath [static/], classpath [public/], ServletContext [/]]}
2023-01-13 18:35:29,470 DEBUG org.springframework.web.servlet.handler.AbstractHandlerMethodMapping [main] 
	o.s.d.r.w.RepositoryController:
	{OPTIONS [/ || ], produces [application/hal+json || application/json || application/prs.hal-forms+json]}: optionsForRepositories()
	{HEAD [/ || ], produces [application/hal+json || application/json || application/prs.hal-forms+json]}: headForRepositories()
	{GET [/ || ], produces [application/hal+json || application/json || application/prs.hal-forms+json]}: listRepositories()
2023-01-13 18:35:29,472 DEBUG org.springframework.web.servlet.handler.AbstractHandlerMethodMapping [main] 
	o.s.d.r.w.RepositoryEntityController:
	{PATCH [/{repository}/{id}], produces [application/hal+json || application/json || application/prs.hal-forms+json]}: patchItemResource(RootResourceInformation,PersistentEntityResource,Serializable,PersistentEntityResourceAssembler,ETag,String)
	{DELETE [/{repository}/{id}], produces [application/hal+json || application/json || application/prs.hal-forms+json]}: deleteItemResource(RootResourceInformation,Serializable,ETag)
	{PUT [/{repository}/{id}], produces [application/hal+json || application/json || application/prs.hal-forms+json]}: putItemResource(RootResourceInformation,PersistentEntityResource,Serializable,PersistentEntityResourceAssembler,ETag,String)
	{GET [/{repository}/{id}], produces [application/hal+json || application/json || application/prs.hal-forms+json]}: getItemResource(RootResourceInformation,Serializable,PersistentEntityResourceAssembler,HttpHeaders)
	{GET [/{repository}], produces [application/x-spring-data-compact+json || text/uri-list]}: getCollectionResourceCompact(RootResourceInformation,DefaultedPageable,Sort,PersistentEntityResourceAssembler)
	{HEAD [/{repository}], produces [application/hal+json || application/json || application/prs.hal-forms+json]}: headCollectionResource(RootResourceInformation,DefaultedPageable)
	{POST [/{repository}], produces [application/hal+json || application/json || application/prs.hal-forms+json]}: postCollectionResource(RootResourceInformation,PersistentEntityResource,PersistentEntityResourceAssembler,String)
	{GET [/{repository}], produces [application/hal+json || application/json || application/prs.hal-forms+json]}: getCollectionResource(RootResourceInformation,DefaultedPageable,Sort,PersistentEntityResourceAssembler)
	{OPTIONS [/{repository}], produces [application/hal+json || application/json || application/prs.hal-forms+json]}: optionsForCollectionResource(RootResourceInformation)
	{OPTIONS [/{repository}/{id}], produces [application/hal+json || application/json || application/prs.hal-forms+json]}: optionsForItemResource(RootResourceInformation)
	{HEAD [/{repository}/{id}], produces [application/hal+json || application/json || application/prs.hal-forms+json]}: headForItemResource(RootResourceInformation,Serializable,PersistentEntityResourceAssembler)
2023-01-13 18:35:29,475 DEBUG org.springframework.web.servlet.handler.AbstractHandlerMethodMapping [main] 
	o.s.d.r.w.RepositoryPropertyReferenceController:
	{[PATCH, PUT, POST] [/{repository}/{id}/{property}], consumes [application/json || application/x-spring-data-compact+json || text/uri-list], produces [application/hal+json || application/json || application/prs.hal-forms+json]}: createPropertyReference(RootResourceInformation,HttpMethod,CollectionModel,Serializable,String)
	{DELETE [/{repository}/{id}/{property}/{propertyId}], produces [application/hal+json || application/json || application/prs.hal-forms+json]}: deletePropertyReferenceId(RootResourceInformation,Serializable,String,String)
	{GET [/{repository}/{id}/{property}/{propertyId}], produces [application/hal+json || application/json || application/prs.hal-forms+json]}: followPropertyReference(RootResourceInformation,Serializable,String,String,PersistentEntityResourceAssembler)
	{GET [/{repository}/{id}/{property}], produces [application/hal+json || application/json || application/prs.hal-forms+json]}: followPropertyReference(RootResourceInformation,Serializable,String,PersistentEntityResourceAssembler)
	{GET [/{repository}/{id}/{property}], produces [text/uri-list]}: followPropertyReferenceCompact(RootResourceInformation,Serializable,String,HttpHeaders,PersistentEntityResourceAssembler)
	{DELETE [/{repository}/{id}/{property}], produces [application/hal+json || application/json || application/prs.hal-forms+json]}: deletePropertyReference(RootResourceInformation,Serializable,String)
2023-01-13 18:35:29,478 DEBUG org.springframework.web.servlet.handler.AbstractHandlerMethodMapping [main] 
	o.s.d.r.w.RepositorySearchController:
	{GET [/{repository}/search/{search}], produces [application/x-spring-data-compact+json]}: executeSearchCompact(RootResourceInformation,HttpHeaders,MultiValueMap,String,String,DefaultedPageable,Sort,PersistentEntityResourceAssembler)
	{OPTIONS [/{repository}/search], produces [application/hal+json || application/json || application/prs.hal-forms+json]}: optionsForSearches(RootResourceInformation)
	{HEAD [/{repository}/search], produces [application/hal+json || application/json || application/prs.hal-forms+json]}: headForSearches(RootResourceInformation)
	{GET [/{repository}/search/{search}], produces [application/hal+json || application/json || application/prs.hal-forms+json]}: executeSearch(RootResourceInformation,MultiValueMap,String,DefaultedPageable,Sort,PersistentEntityResourceAssembler,HttpHeaders)
	{OPTIONS [/{repository}/search/{search}], produces [application/hal+json || application/json || application/prs.hal-forms+json]}: optionsForSearch(RootResourceInformation,String)
	{HEAD [/{repository}/search/{search}], produces [application/hal+json || application/json || application/prs.hal-forms+json]}: headForSearch(RootResourceInformation,String)
	{GET [/{repository}/search], produces [application/hal+json || application/json || application/prs.hal-forms+json]}: listSearches(RootResourceInformation)
2023-01-13 18:35:29,479 DEBUG org.springframework.web.servlet.handler.AbstractHandlerMethodMapping [main] 
	o.s.d.r.w.RepositorySchemaController:
	{GET [/profile/{repository}], produces [application/schema+json]}: schema(RootResourceInformation)
2023-01-13 18:35:29,480 DEBUG org.springframework.web.servlet.handler.AbstractHandlerMethodMapping [main] 
	o.s.d.r.w.a.AlpsController:
	{GET [/profile/{repository}], produces [application/alps+json || */*]}: descriptor(RootResourceInformation)
	{OPTIONS [/profile/{repository}], produces [application/alps+json]}: alpsOptions()
2023-01-13 18:35:29,480 DEBUG org.springframework.web.servlet.handler.AbstractHandlerMethodMapping [main] 
	o.s.d.r.w.ProfileController:
	{OPTIONS [/profile]}: profileOptions()
	{GET [/profile]}: listAllFormsOfMetadata()
2023-01-13 18:35:29,531 INFO org.apache.juli.logging.DirectJDKLog [main] Starting ProtocolHandler ["http-nio-8081"]
2023-01-13 18:35:29,562 INFO org.springframework.boot.StartupInfoLogger [main] Started ClothshopApplication in 3.756 seconds (JVM running for 4.184)
2023-01-13 18:35:58,171 DEBUG com.zaxxer.hikari.pool.HikariPool [HikariPool-1 housekeeper] HikariPool-1 - Pool stats (total=10, active=0, idle=10, waiting=0)
2023-01-13 18:35:58,171 DEBUG com.zaxxer.hikari.pool.HikariPool [HikariPool-1 housekeeper] HikariPool-1 - Fill pool skipped, pool is at sufficient level.
2023-01-13 18:36:28,177 DEBUG com.zaxxer.hikari.pool.HikariPool [HikariPool-1 housekeeper] HikariPool-1 - Pool stats (total=10, active=0, idle=10, waiting=0)
2023-01-13 18:36:28,177 DEBUG com.zaxxer.hikari.pool.HikariPool [HikariPool-1 housekeeper] HikariPool-1 - Fill pool skipped, pool is at sufficient level.
2023-01-13 18:36:58,190 DEBUG com.zaxxer.hikari.pool.HikariPool [HikariPool-1 housekeeper] HikariPool-1 - Pool stats (total=10, active=0, idle=10, waiting=0)
2023-01-13 18:36:58,191 DEBUG com.zaxxer.hikari.pool.HikariPool [HikariPool-1 housekeeper] HikariPool-1 - Fill pool skipped, pool is at sufficient level.
2023-01-13 18:37:28,199 DEBUG com.zaxxer.hikari.pool.HikariPool [HikariPool-1 housekeeper] HikariPool-1 - Pool stats (total=10, active=0, idle=10, waiting=0)
2023-01-13 18:37:28,200 DEBUG com.zaxxer.hikari.pool.HikariPool [HikariPool-1 housekeeper] HikariPool-1 - Fill pool skipped, pool is at sufficient level.
2023-01-13 18:37:58,214 DEBUG com.zaxxer.hikari.pool.HikariPool [HikariPool-1 housekeeper] HikariPool-1 - Pool stats (total=10, active=0, idle=10, waiting=0)
2023-01-13 18:37:58,215 DEBUG com.zaxxer.hikari.pool.HikariPool [HikariPool-1 housekeeper] HikariPool-1 - Fill pool skipped, pool is at sufficient level.
2023-01-13 18:38:28,225 DEBUG com.zaxxer.hikari.pool.HikariPool [HikariPool-1 housekeeper] HikariPool-1 - Pool stats (total=10, active=0, idle=10, waiting=0)
2023-01-13 18:38:28,225 DEBUG com.zaxxer.hikari.pool.HikariPool [HikariPool-1 housekeeper] HikariPool-1 - Fill pool skipped, pool is at sufficient level.
2023-01-13 18:38:58,240 DEBUG com.zaxxer.hikari.pool.HikariPool [HikariPool-1 housekeeper] HikariPool-1 - Pool stats (total=10, active=0, idle=10, waiting=0)
2023-01-13 18:38:58,241 DEBUG com.zaxxer.hikari.pool.HikariPool [HikariPool-1 housekeeper] HikariPool-1 - Fill pool skipped, pool is at sufficient level.
2023-01-13 18:39:28,249 DEBUG com.zaxxer.hikari.pool.HikariPool [HikariPool-1 housekeeper] HikariPool-1 - Pool stats (total=10, active=0, idle=10, waiting=0)
2023-01-13 18:39:28,250 DEBUG com.zaxxer.hikari.pool.HikariPool [HikariPool-1 housekeeper] HikariPool-1 - Fill pool skipped, pool is at sufficient level.
2023-01-13 18:39:58,253 DEBUG com.zaxxer.hikari.pool.HikariPool [HikariPool-1 housekeeper] HikariPool-1 - Pool stats (total=10, active=0, idle=10, waiting=0)
2023-01-13 18:39:58,253 DEBUG com.zaxxer.hikari.pool.HikariPool [HikariPool-1 housekeeper] HikariPool-1 - Fill pool skipped, pool is at sufficient level.
2023-01-13 18:40:28,267 DEBUG com.zaxxer.hikari.pool.HikariPool [HikariPool-1 housekeeper] HikariPool-1 - Pool stats (total=10, active=0, idle=10, waiting=0)
2023-01-13 18:40:28,267 DEBUG com.zaxxer.hikari.pool.HikariPool [HikariPool-1 housekeeper] HikariPool-1 - Fill pool skipped, pool is at sufficient level.
2023-01-13 18:40:32,266 INFO org.apache.juli.logging.DirectJDKLog [http-nio-8081-exec-2] Initializing Spring DispatcherServlet 'dispatcherServlet'
2023-01-13 18:40:32,295 INFO com.svalero.clothshop.controller.ClientController [http-nio-8081-exec-2] Lista de clientes mostrada
2023-01-13 18:40:47,488 INFO com.svalero.clothshop.controller.DiscountController [http-nio-8081-exec-3] Lista de descuentos
2023-01-13 18:40:58,279 DEBUG com.zaxxer.hikari.pool.HikariPool [HikariPool-1 housekeeper] HikariPool-1 - Pool stats (total=10, active=0, idle=10, waiting=0)
2023-01-13 18:40:58,279 DEBUG com.zaxxer.hikari.pool.HikariPool [HikariPool-1 housekeeper] HikariPool-1 - Fill pool skipped, pool is at sufficient level.
2023-01-13 18:41:03,394 INFO com.svalero.clothshop.controller.ClientController [http-nio-8081-exec-4] Cliente añadido
2023-01-13 18:41:25,570 INFO com.svalero.clothshop.controller.DiscountController [http-nio-8081-exec-5] Descuento añadido
2023-01-13 18:41:28,290 DEBUG com.zaxxer.hikari.pool.HikariPool [HikariPool-1 housekeeper] HikariPool-1 - Pool stats (total=10, active=0, idle=10, waiting=0)
2023-01-13 18:41:28,291 DEBUG com.zaxxer.hikari.pool.HikariPool [HikariPool-1 housekeeper] HikariPool-1 - Fill pool skipped, pool is at sufficient level.
2023-01-13 18:41:58,297 DEBUG com.zaxxer.hikari.pool.HikariPool [HikariPool-1 housekeeper] HikariPool-1 - Pool stats (total=10, active=0, idle=10, waiting=0)
2023-01-13 18:41:58,298 DEBUG com.zaxxer.hikari.pool.HikariPool [HikariPool-1 housekeeper] HikariPool-1 - Fill pool skipped, pool is at sufficient level.
2023-01-13 18:42:28,300 DEBUG com.zaxxer.hikari.pool.HikariPool [HikariPool-1 housekeeper] HikariPool-1 - Pool stats (total=10, active=0, idle=10, waiting=0)
2023-01-13 18:42:28,300 DEBUG com.zaxxer.hikari.pool.HikariPool [HikariPool-1 housekeeper] HikariPool-1 - Fill pool skipped, pool is at sufficient level.
2023-01-13 18:42:58,307 DEBUG com.zaxxer.hikari.pool.HikariPool [HikariPool-1 housekeeper] HikariPool-1 - Pool stats (total=10, active=0, idle=10, waiting=0)
2023-01-13 18:42:58,307 DEBUG com.zaxxer.hikari.pool.HikariPool [HikariPool-1 housekeeper] HikariPool-1 - Fill pool skipped, pool is at sufficient level.
2023-01-13 18:43:28,315 DEBUG com.zaxxer.hikari.pool.HikariPool [HikariPool-1 housekeeper] HikariPool-1 - Pool stats (total=10, active=0, idle=10, waiting=0)
2023-01-13 18:43:28,316 DEBUG com.zaxxer.hikari.pool.HikariPool [HikariPool-1 housekeeper] HikariPool-1 - Fill pool skipped, pool is at sufficient level.
2023-01-13 18:43:58,319 DEBUG com.zaxxer.hikari.pool.HikariPool [HikariPool-1 housekeeper] HikariPool-1 - Pool stats (total=10, active=0, idle=10, waiting=0)
2023-01-13 18:43:58,320 DEBUG com.zaxxer.hikari.pool.HikariPool [HikariPool-1 housekeeper] HikariPool-1 - Fill pool skipped, pool is at sufficient level.
2023-01-13 18:44:28,321 DEBUG com.zaxxer.hikari.pool.HikariPool [HikariPool-1 housekeeper] HikariPool-1 - Pool stats (total=10, active=0, idle=10, waiting=0)
2023-01-13 18:44:28,321 DEBUG com.zaxxer.hikari.pool.HikariPool [HikariPool-1 housekeeper] HikariPool-1 - Fill pool skipped, pool is at sufficient level.
2023-01-13 18:44:58,323 DEBUG com.zaxxer.hikari.pool.HikariPool [HikariPool-1 housekeeper] HikariPool-1 - Pool stats (total=10, active=0, idle=10, waiting=0)
2023-01-13 18:44:58,323 DEBUG com.zaxxer.hikari.pool.HikariPool [HikariPool-1 housekeeper] HikariPool-1 - Fill pool skipped, pool is at sufficient level.
2023-01-13 18:45:28,328 DEBUG com.zaxxer.hikari.pool.HikariPool [HikariPool-1 housekeeper] HikariPool-1 - Pool stats (total=10, active=0, idle=10, waiting=0)
2023-01-13 18:45:28,329 DEBUG com.zaxxer.hikari.pool.HikariPool [HikariPool-1 housekeeper] HikariPool-1 - Fill pool skipped, pool is at sufficient level.
2023-01-13 18:45:58,340 DEBUG com.zaxxer.hikari.pool.HikariPool [HikariPool-1 housekeeper] HikariPool-1 - Pool stats (total=10, active=0, idle=10, waiting=0)
2023-01-13 18:45:58,341 DEBUG com.zaxxer.hikari.pool.HikariPool [HikariPool-1 housekeeper] HikariPool-1 - Fill pool skipped, pool is at sufficient level.
2023-01-13 18:46:28,344 DEBUG com.zaxxer.hikari.pool.HikariPool [HikariPool-1 housekeeper] HikariPool-1 - Pool stats (total=10, active=0, idle=10, waiting=0)
2023-01-13 18:46:28,344 DEBUG com.zaxxer.hikari.pool.HikariPool [HikariPool-1 housekeeper] HikariPool-1 - Fill pool skipped, pool is at sufficient level.
2023-01-13 18:46:58,346 DEBUG com.zaxxer.hikari.pool.HikariPool [HikariPool-1 housekeeper] HikariPool-1 - Pool stats (total=10, active=0, idle=10, waiting=0)
2023-01-13 18:46:58,346 DEBUG com.zaxxer.hikari.pool.HikariPool [HikariPool-1 housekeeper] HikariPool-1 - Fill pool skipped, pool is at sufficient level.
2023-01-13 18:47:28,358 DEBUG com.zaxxer.hikari.pool.HikariPool [HikariPool-1 housekeeper] HikariPool-1 - Pool stats (total=10, active=0, idle=10, waiting=0)
2023-01-13 18:47:28,358 DEBUG com.zaxxer.hikari.pool.HikariPool [HikariPool-1 housekeeper] HikariPool-1 - Fill pool skipped, pool is at sufficient level.
2023-01-13 18:47:58,369 DEBUG com.zaxxer.hikari.pool.HikariPool [HikariPool-1 housekeeper] HikariPool-1 - Pool stats (total=10, active=0, idle=10, waiting=0)
2023-01-13 18:47:58,369 DEBUG com.zaxxer.hikari.pool.HikariPool [HikariPool-1 housekeeper] HikariPool-1 - Fill pool skipped, pool is at sufficient level.
2023-01-13 18:48:28,373 DEBUG com.zaxxer.hikari.pool.HikariPool [HikariPool-1 housekeeper] HikariPool-1 - Pool stats (total=10, active=0, idle=10, waiting=0)
2023-01-13 18:48:28,374 DEBUG com.zaxxer.hikari.pool.HikariPool [HikariPool-1 housekeeper] HikariPool-1 - Fill pool skipped, pool is at sufficient level.
2023-01-13 18:48:58,381 DEBUG com.zaxxer.hikari.pool.HikariPool [HikariPool-1 housekeeper] HikariPool-1 - Pool stats (total=10, active=0, idle=10, waiting=0)
2023-01-13 18:48:58,381 DEBUG com.zaxxer.hikari.pool.HikariPool [HikariPool-1 housekeeper] HikariPool-1 - Fill pool skipped, pool is at sufficient level.
2023-01-13 18:49:28,384 DEBUG com.zaxxer.hikari.pool.HikariPool [HikariPool-1 housekeeper] HikariPool-1 - Pool stats (total=10, active=0, idle=10, waiting=0)
2023-01-13 18:49:28,384 DEBUG com.zaxxer.hikari.pool.HikariPool [HikariPool-1 housekeeper] HikariPool-1 - Fill pool skipped, pool is at sufficient level.
2023-01-13 18:49:58,397 DEBUG com.zaxxer.hikari.pool.HikariPool [HikariPool-1 housekeeper] HikariPool-1 - Pool stats (total=10, active=0, idle=10, waiting=0)
2023-01-13 18:49:58,397 DEBUG com.zaxxer.hikari.pool.HikariPool [HikariPool-1 housekeeper] HikariPool-1 - Fill pool skipped, pool is at sufficient level.
2023-01-13 18:50:28,398 DEBUG com.zaxxer.hikari.pool.HikariPool [HikariPool-1 housekeeper] HikariPool-1 - Pool stats (total=10, active=0, idle=10, waiting=0)
2023-01-13 18:50:28,398 DEBUG com.zaxxer.hikari.pool.HikariPool [HikariPool-1 housekeeper] HikariPool-1 - Fill pool skipped, pool is at sufficient level.
2023-01-13 18:50:58,403 DEBUG com.zaxxer.hikari.pool.HikariPool [HikariPool-1 housekeeper] HikariPool-1 - Pool stats (total=10, active=0, idle=10, waiting=0)
2023-01-13 18:50:58,403 DEBUG com.zaxxer.hikari.pool.HikariPool [HikariPool-1 housekeeper] HikariPool-1 - Fill pool skipped, pool is at sufficient level.
2023-01-13 18:51:28,411 DEBUG com.zaxxer.hikari.pool.HikariPool [HikariPool-1 housekeeper] HikariPool-1 - Pool stats (total=10, active=0, idle=10, waiting=0)
2023-01-13 18:51:28,411 DEBUG com.zaxxer.hikari.pool.HikariPool [HikariPool-1 housekeeper] HikariPool-1 - Fill pool skipped, pool is at sufficient level.
2023-01-13 18:51:58,415 DEBUG com.zaxxer.hikari.pool.HikariPool [HikariPool-1 housekeeper] HikariPool-1 - Pool stats (total=10, active=0, idle=10, waiting=0)
2023-01-13 18:51:58,415 DEBUG com.zaxxer.hikari.pool.HikariPool [HikariPool-1 housekeeper] HikariPool-1 - Fill pool skipped, pool is at sufficient level.
2023-01-13 18:52:28,423 DEBUG com.zaxxer.hikari.pool.HikariPool [HikariPool-1 housekeeper] HikariPool-1 - Pool stats (total=10, active=0, idle=10, waiting=0)
2023-01-13 18:52:28,424 DEBUG com.zaxxer.hikari.pool.HikariPool [HikariPool-1 housekeeper] HikariPool-1 - Fill pool skipped, pool is at sufficient level.
2023-01-13 18:52:58,440 DEBUG com.zaxxer.hikari.pool.HikariPool [HikariPool-1 housekeeper] HikariPool-1 - Pool stats (total=10, active=0, idle=10, waiting=0)
2023-01-13 18:52:58,441 DEBUG com.zaxxer.hikari.pool.HikariPool [HikariPool-1 housekeeper] HikariPool-1 - Fill pool skipped, pool is at sufficient level.
2023-01-13 18:53:28,455 DEBUG com.zaxxer.hikari.pool.HikariPool [HikariPool-1 housekeeper] HikariPool-1 - Pool stats (total=10, active=0, idle=10, waiting=0)
2023-01-13 18:53:28,456 DEBUG com.zaxxer.hikari.pool.HikariPool [HikariPool-1 housekeeper] HikariPool-1 - Fill pool skipped, pool is at sufficient level.
2023-01-13 18:53:58,462 DEBUG com.zaxxer.hikari.pool.HikariPool [HikariPool-1 housekeeper] HikariPool-1 - Pool stats (total=10, active=0, idle=10, waiting=0)
2023-01-13 18:53:58,463 DEBUG com.zaxxer.hikari.pool.HikariPool [HikariPool-1 housekeeper] HikariPool-1 - Fill pool skipped, pool is at sufficient level.
2023-01-13 18:54:28,476 DEBUG com.zaxxer.hikari.pool.HikariPool [HikariPool-1 housekeeper] HikariPool-1 - Pool stats (total=10, active=0, idle=10, waiting=0)
2023-01-13 18:54:28,476 DEBUG com.zaxxer.hikari.pool.HikariPool [HikariPool-1 housekeeper] HikariPool-1 - Fill pool skipped, pool is at sufficient level.
2023-01-13 18:54:58,478 DEBUG com.zaxxer.hikari.pool.HikariPool [HikariPool-1 housekeeper] HikariPool-1 - Pool stats (total=10, active=0, idle=10, waiting=0)
2023-01-13 18:54:58,478 DEBUG com.zaxxer.hikari.pool.HikariPool [HikariPool-1 housekeeper] HikariPool-1 - Fill pool skipped, pool is at sufficient level.
2023-01-13 18:55:28,484 DEBUG com.zaxxer.hikari.pool.HikariPool [HikariPool-1 housekeeper] HikariPool-1 - Pool stats (total=10, active=0, idle=10, waiting=0)
2023-01-13 18:55:28,485 DEBUG com.zaxxer.hikari.pool.HikariPool [HikariPool-1 housekeeper] HikariPool-1 - Fill pool skipped, pool is at sufficient level.
2023-01-13 18:55:58,487 DEBUG com.zaxxer.hikari.pool.HikariPool [HikariPool-1 housekeeper] HikariPool-1 - Pool stats (total=10, active=0, idle=10, waiting=0)
2023-01-13 18:55:58,487 DEBUG com.zaxxer.hikari.pool.HikariPool [HikariPool-1 housekeeper] HikariPool-1 - Fill pool skipped, pool is at sufficient level.
2023-01-13 18:56:28,501 DEBUG com.zaxxer.hikari.pool.HikariPool [HikariPool-1 housekeeper] HikariPool-1 - Pool stats (total=10, active=0, idle=10, waiting=0)
2023-01-13 18:56:28,501 DEBUG com.zaxxer.hikari.pool.HikariPool [HikariPool-1 housekeeper] HikariPool-1 - Fill pool skipped, pool is at sufficient level.
2023-01-13 18:56:58,510 DEBUG com.zaxxer.hikari.pool.HikariPool [HikariPool-1 housekeeper] HikariPool-1 - Pool stats (total=10, active=0, idle=10, waiting=0)
2023-01-13 18:56:58,510 DEBUG com.zaxxer.hikari.pool.HikariPool [HikariPool-1 housekeeper] HikariPool-1 - Fill pool skipped, pool is at sufficient level.
2023-01-13 18:57:28,517 DEBUG com.zaxxer.hikari.pool.HikariPool [HikariPool-1 housekeeper] HikariPool-1 - Pool stats (total=10, active=0, idle=10, waiting=0)
2023-01-13 18:57:28,517 DEBUG com.zaxxer.hikari.pool.HikariPool [HikariPool-1 housekeeper] HikariPool-1 - Fill pool skipped, pool is at sufficient level.
2023-01-13 18:57:58,530 DEBUG com.zaxxer.hikari.pool.HikariPool [HikariPool-1 housekeeper] HikariPool-1 - Pool stats (total=10, active=0, idle=10, waiting=0)
2023-01-13 18:57:58,531 DEBUG com.zaxxer.hikari.pool.HikariPool [HikariPool-1 housekeeper] HikariPool-1 - Fill pool skipped, pool is at sufficient level.
2023-01-13 18:58:28,534 DEBUG com.zaxxer.hikari.pool.HikariPool [HikariPool-1 housekeeper] HikariPool-1 - Pool stats (total=10, active=0, idle=10, waiting=0)
2023-01-13 18:58:28,534 DEBUG com.zaxxer.hikari.pool.HikariPool [HikariPool-1 housekeeper] HikariPool-1 - Fill pool skipped, pool is at sufficient level.
2023-01-13 18:58:58,543 DEBUG com.zaxxer.hikari.pool.HikariPool [HikariPool-1 housekeeper] HikariPool-1 - Pool stats (total=10, active=0, idle=10, waiting=0)
2023-01-13 18:58:58,544 DEBUG com.zaxxer.hikari.pool.HikariPool [HikariPool-1 housekeeper] HikariPool-1 - Fill pool skipped, pool is at sufficient level.
2023-01-13 18:59:28,555 DEBUG com.zaxxer.hikari.pool.HikariPool [HikariPool-1 housekeeper] HikariPool-1 - Pool stats (total=10, active=0, idle=10, waiting=0)
2023-01-13 18:59:28,555 DEBUG com.zaxxer.hikari.pool.HikariPool [HikariPool-1 housekeeper] HikariPool-1 - Fill pool skipped, pool is at sufficient level.
2023-01-13 18:59:58,557 DEBUG com.zaxxer.hikari.pool.HikariPool [HikariPool-1 housekeeper] HikariPool-1 - Pool stats (total=10, active=0, idle=10, waiting=0)
2023-01-13 18:59:58,557 DEBUG com.zaxxer.hikari.pool.HikariPool [HikariPool-1 housekeeper] HikariPool-1 - Fill pool skipped, pool is at sufficient level.
2023-01-13 19:00:28,559 DEBUG com.zaxxer.hikari.pool.HikariPool [HikariPool-1 housekeeper] HikariPool-1 - Pool stats (total=10, active=0, idle=10, waiting=0)
2023-01-13 19:00:28,559 DEBUG com.zaxxer.hikari.pool.HikariPool [HikariPool-1 housekeeper] HikariPool-1 - Fill pool skipped, pool is at sufficient level.
2023-01-13 19:00:58,566 DEBUG com.zaxxer.hikari.pool.HikariPool [HikariPool-1 housekeeper] HikariPool-1 - Pool stats (total=10, active=0, idle=10, waiting=0)
2023-01-13 19:00:58,567 DEBUG com.zaxxer.hikari.pool.HikariPool [HikariPool-1 housekeeper] HikariPool-1 - Fill pool skipped, pool is at sufficient level.
2023-01-13 19:01:28,578 DEBUG com.zaxxer.hikari.pool.HikariPool [HikariPool-1 housekeeper] HikariPool-1 - Pool stats (total=10, active=0, idle=10, waiting=0)
2023-01-13 19:01:28,578 DEBUG com.zaxxer.hikari.pool.HikariPool [HikariPool-1 housekeeper] HikariPool-1 - Fill pool skipped, pool is at sufficient level.
2023-01-13 19:01:58,587 DEBUG com.zaxxer.hikari.pool.HikariPool [HikariPool-1 housekeeper] HikariPool-1 - Pool stats (total=10, active=0, idle=10, waiting=0)
2023-01-13 19:01:58,588 DEBUG com.zaxxer.hikari.pool.HikariPool [HikariPool-1 housekeeper] HikariPool-1 - Fill pool skipped, pool is at sufficient level.
2023-01-13 19:02:32,958 DEBUG org.jboss.logging.LoggerProviders [background-preinit] Logging Provider: org.jboss.logging.Log4j2LoggerProvider
2023-01-13 19:02:32,969 INFO org.springframework.boot.StartupInfoLogger [main] Starting ClothshopApplication using Java 17.0.5 on DESKTOP-NEVGVO4 with PID 23724 (C:\Users\Joserra\Desktop\MisCursos\DAM\Curso2023\clothshop\target\classes started by Joserra in C:\Users\Joserra\Desktop\MisCursos\DAM\Curso2023\clothshop)
2023-01-13 19:02:32,971 DEBUG org.springframework.boot.StartupInfoLogger [main] Running with Spring Boot v2.7.7, Spring v5.3.24
2023-01-13 19:02:32,972 INFO org.springframework.boot.SpringApplication [main] No active profile set, falling back to 1 default profile: "default"
2023-01-13 19:02:34,178 INFO org.apache.juli.logging.DirectJDKLog [main] Initializing ProtocolHandler ["http-nio-8081"]
2023-01-13 19:02:34,178 INFO org.apache.juli.logging.DirectJDKLog [main] Starting service [Tomcat]
2023-01-13 19:02:34,180 INFO org.apache.juli.logging.DirectJDKLog [main] Starting Servlet engine: [Apache Tomcat/9.0.70]
2023-01-13 19:02:34,273 INFO org.apache.juli.logging.DirectJDKLog [main] Initializing Spring embedded WebApplicationContext
2023-01-13 19:02:34,380 DEBUG com.zaxxer.hikari.HikariConfig [main] Driver class org.h2.Driver found in Thread context class loader jdk.internal.loader.ClassLoaders$AppClassLoader@73d16e93
2023-01-13 19:02:34,748 DEBUG com.zaxxer.hikari.HikariConfig [main] HikariPool-1 - configuration:
2023-01-13 19:02:34,750 DEBUG com.zaxxer.hikari.HikariConfig [main] allowPoolSuspension................................false
2023-01-13 19:02:34,751 DEBUG com.zaxxer.hikari.HikariConfig [main] autoCommit................................true
2023-01-13 19:02:34,752 DEBUG com.zaxxer.hikari.HikariConfig [main] catalog................................none
2023-01-13 19:02:34,753 DEBUG com.zaxxer.hikari.HikariConfig [main] connectionInitSql................................none
2023-01-13 19:02:34,753 DEBUG com.zaxxer.hikari.HikariConfig [main] connectionTestQuery................................none
2023-01-13 19:02:34,753 DEBUG com.zaxxer.hikari.HikariConfig [main] connectionTimeout................................30000
2023-01-13 19:02:34,754 DEBUG com.zaxxer.hikari.HikariConfig [main] dataSource................................none
2023-01-13 19:02:34,754 DEBUG com.zaxxer.hikari.HikariConfig [main] dataSourceClassName................................none
2023-01-13 19:02:34,754 DEBUG com.zaxxer.hikari.HikariConfig [main] dataSourceJNDI................................none
2023-01-13 19:02:34,754 DEBUG com.zaxxer.hikari.HikariConfig [main] dataSourceProperties................................{password=<masked>}
2023-01-13 19:02:34,755 DEBUG com.zaxxer.hikari.HikariConfig [main] driverClassName................................"org.h2.Driver"
2023-01-13 19:02:34,755 DEBUG com.zaxxer.hikari.HikariConfig [main] exceptionOverrideClassName................................none
2023-01-13 19:02:34,755 DEBUG com.zaxxer.hikari.HikariConfig [main] healthCheckProperties................................{}
2023-01-13 19:02:34,755 DEBUG com.zaxxer.hikari.HikariConfig [main] healthCheckRegistry................................none
2023-01-13 19:02:34,755 DEBUG com.zaxxer.hikari.HikariConfig [main] idleTimeout................................600000
2023-01-13 19:02:34,755 DEBUG com.zaxxer.hikari.HikariConfig [main] initializationFailTimeout................................1
2023-01-13 19:02:34,756 DEBUG com.zaxxer.hikari.HikariConfig [main] isolateInternalQueries................................false
2023-01-13 19:02:34,756 DEBUG com.zaxxer.hikari.HikariConfig [main] jdbcUrl................................jdbc:h2:file:C:/Users/Joserra/clothshop.db
2023-01-13 19:02:34,756 DEBUG com.zaxxer.hikari.HikariConfig [main] keepaliveTime................................0
2023-01-13 19:02:34,756 DEBUG com.zaxxer.hikari.HikariConfig [main] leakDetectionThreshold................................0
2023-01-13 19:02:34,757 DEBUG com.zaxxer.hikari.HikariConfig [main] maxLifetime................................1800000
2023-01-13 19:02:34,757 DEBUG com.zaxxer.hikari.HikariConfig [main] maximumPoolSize................................10
2023-01-13 19:02:34,757 DEBUG com.zaxxer.hikari.HikariConfig [main] metricRegistry................................none
2023-01-13 19:02:34,757 DEBUG com.zaxxer.hikari.HikariConfig [main] metricsTrackerFactory................................none
2023-01-13 19:02:34,758 DEBUG com.zaxxer.hikari.HikariConfig [main] minimumIdle................................10
2023-01-13 19:02:34,758 DEBUG com.zaxxer.hikari.HikariConfig [main] password................................<masked>
2023-01-13 19:02:34,758 DEBUG com.zaxxer.hikari.HikariConfig [main] poolName................................"HikariPool-1"
2023-01-13 19:02:34,758 DEBUG com.zaxxer.hikari.HikariConfig [main] readOnly................................false
2023-01-13 19:02:34,758 DEBUG com.zaxxer.hikari.HikariConfig [main] registerMbeans................................false
2023-01-13 19:02:34,759 DEBUG com.zaxxer.hikari.HikariConfig [main] scheduledExecutor................................none
2023-01-13 19:02:34,759 DEBUG com.zaxxer.hikari.HikariConfig [main] schema................................none
2023-01-13 19:02:34,759 DEBUG com.zaxxer.hikari.HikariConfig [main] threadFactory................................internal
2023-01-13 19:02:34,759 DEBUG com.zaxxer.hikari.HikariConfig [main] transactionIsolation................................default
2023-01-13 19:02:34,759 DEBUG com.zaxxer.hikari.HikariConfig [main] username................................"clothuser"
2023-01-13 19:02:34,759 DEBUG com.zaxxer.hikari.HikariConfig [main] validationTimeout................................5000
2023-01-13 19:02:34,759 INFO com.zaxxer.hikari.HikariDataSource [main] HikariPool-1 - Starting...
2023-01-13 19:02:34,986 DEBUG com.zaxxer.hikari.pool.HikariPool [main] HikariPool-1 - Added connection conn0: url=jdbc:h2:file:C:/Users/Joserra/clothshop.db user=CLOTHUSER
2023-01-13 19:02:34,987 INFO com.zaxxer.hikari.HikariDataSource [main] HikariPool-1 - Start completed.
2023-01-13 19:02:35,092 DEBUG com.zaxxer.hikari.pool.HikariPool [HikariPool-1 housekeeper] HikariPool-1 - Pool stats (total=1, active=0, idle=1, waiting=0)
2023-01-13 19:02:35,094 DEBUG com.zaxxer.hikari.pool.HikariPool$PoolEntryCreator [HikariPool-1 connection adder] HikariPool-1 - Added connection conn1: url=jdbc:h2:file:C:/Users/Joserra/clothshop.db user=CLOTHUSER
2023-01-13 19:02:35,095 DEBUG com.zaxxer.hikari.pool.HikariPool$PoolEntryCreator [HikariPool-1 connection adder] HikariPool-1 - Added connection conn2: url=jdbc:h2:file:C:/Users/Joserra/clothshop.db user=CLOTHUSER
2023-01-13 19:02:35,095 DEBUG com.zaxxer.hikari.pool.HikariPool$PoolEntryCreator [HikariPool-1 connection adder] HikariPool-1 - Added connection conn3: url=jdbc:h2:file:C:/Users/Joserra/clothshop.db user=CLOTHUSER
2023-01-13 19:02:35,096 DEBUG com.zaxxer.hikari.pool.HikariPool$PoolEntryCreator [HikariPool-1 connection adder] HikariPool-1 - Added connection conn4: url=jdbc:h2:file:C:/Users/Joserra/clothshop.db user=CLOTHUSER
2023-01-13 19:02:35,097 DEBUG com.zaxxer.hikari.pool.HikariPool$PoolEntryCreator [HikariPool-1 connection adder] HikariPool-1 - Added connection conn5: url=jdbc:h2:file:C:/Users/Joserra/clothshop.db user=CLOTHUSER
2023-01-13 19:02:35,097 DEBUG com.zaxxer.hikari.pool.HikariPool$PoolEntryCreator [HikariPool-1 connection adder] HikariPool-1 - Added connection conn6: url=jdbc:h2:file:C:/Users/Joserra/clothshop.db user=CLOTHUSER
2023-01-13 19:02:35,098 DEBUG com.zaxxer.hikari.pool.HikariPool$PoolEntryCreator [HikariPool-1 connection adder] HikariPool-1 - Added connection conn7: url=jdbc:h2:file:C:/Users/Joserra/clothshop.db user=CLOTHUSER
2023-01-13 19:02:35,098 DEBUG com.zaxxer.hikari.pool.HikariPool$PoolEntryCreator [HikariPool-1 connection adder] HikariPool-1 - Added connection conn8: url=jdbc:h2:file:C:/Users/Joserra/clothshop.db user=CLOTHUSER
2023-01-13 19:02:35,099 DEBUG com.zaxxer.hikari.pool.HikariPool$PoolEntryCreator [HikariPool-1 connection adder] HikariPool-1 - Added connection conn9: url=jdbc:h2:file:C:/Users/Joserra/clothshop.db user=CLOTHUSER
2023-01-13 19:02:35,100 DEBUG com.zaxxer.hikari.pool.HikariPool [HikariPool-1 connection adder] HikariPool-1 - After adding stats (total=10, active=0, idle=10, waiting=0)
2023-01-13 19:02:35,958 WARN org.springframework.boot.autoconfigure.orm.jpa.JpaBaseConfiguration$JpaWebConfiguration [main] spring.jpa.open-in-view is enabled by default. Therefore, database queries may be performed during view rendering. Explicitly configure spring.jpa.open-in-view to disable this warning
2023-01-13 19:02:36,307 DEBUG org.springframework.web.servlet.handler.AbstractHandlerMethodMapping [main] 
	c.s.c.c.ClientController:
	{POST [/clients]}: addClient(Client)
	{DELETE [/clients/{id}]}: deleteClient(long)
	{GET [/clients]}: getClients(String)
	{GET [/clients/{id}]}: getClientId(long)
	{PUT [/clients/{id}]}: updateClient(long,Client)
	{PATCH [/clients/{id}]}: updateClientAddress(long,Client)
2023-01-13 19:02:36,309 DEBUG org.springframework.web.servlet.handler.AbstractHandlerMethodMapping [main] 
	c.s.c.c.DiscountController:
	{PUT [/discounts/{id}]}: updateDiscount(long,Discount)
	{DELETE [/discounts/{id}]}: deleteDiscount(long)
	{POST [/discounts]}: addDiscount(Discount)
	{GET [/discounts]}: getDiscounts(String)
	{GET [/discounts/{id}]}: getDiscountId(long)
	{PATCH [/discounts/{id}]}: updateDiscountPrice(long,Discount)
2023-01-13 19:02:36,310 DEBUG org.springframework.web.servlet.handler.AbstractHandlerMethodMapping [main] 
	c.s.c.c.ProductController:
	{POST [/products]}: addProduct(Product)
	{PATCH [/products/{id}]}: updateProductStock(long,Product)
	{GET [/products]}: getProducts(String)
	{PUT [/products/{id}]}: updateProduct(long,Product)
	{GET [/products/{id}]}: getProductId(long)
	{DELETE [/products/{id}]}: deleteProducts(long)
2023-01-13 19:02:36,311 DEBUG org.springframework.web.servlet.handler.AbstractHandlerMethodMapping [main] 
	o.s.b.a.w.s.e.BasicErrorController:
	{ [/error]}: error(HttpServletRequest)
	{ [/error], produces [text/html]}: errorHtml(HttpServletRequest,HttpServletResponse)
2023-01-13 19:02:36,325 DEBUG org.springframework.web.servlet.handler.AbstractDetectingUrlHandlerMapping [main] 'beanNameHandlerMapping' {}
2023-01-13 19:02:36,343 DEBUG org.springframework.web.servlet.handler.SimpleUrlHandlerMapping [main] 'resourceHandlerMapping' {/webjars/**=ResourceHttpRequestHandler [classpath [META-INF/resources/webjars/]], /**=ResourceHttpRequestHandler [classpath [META-INF/resources/], classpath [resources/], classpath [static/], classpath [public/], ServletContext [/]]}
2023-01-13 19:02:36,501 DEBUG org.springframework.web.servlet.handler.AbstractHandlerMethodMapping [main] 
	o.s.d.r.w.RepositoryController:
	{HEAD [/ || ], produces [application/hal+json || application/json || application/prs.hal-forms+json]}: headForRepositories()
	{OPTIONS [/ || ], produces [application/hal+json || application/json || application/prs.hal-forms+json]}: optionsForRepositories()
	{GET [/ || ], produces [application/hal+json || application/json || application/prs.hal-forms+json]}: listRepositories()
2023-01-13 19:02:36,503 DEBUG org.springframework.web.servlet.handler.AbstractHandlerMethodMapping [main] 
	o.s.d.r.w.RepositoryEntityController:
	{GET [/{repository}], produces [application/hal+json || application/json || application/prs.hal-forms+json]}: getCollectionResource(RootResourceInformation,DefaultedPageable,Sort,PersistentEntityResourceAssembler)
	{OPTIONS [/{repository}/{id}], produces [application/hal+json || application/json || application/prs.hal-forms+json]}: optionsForItemResource(RootResourceInformation)
	{HEAD [/{repository}], produces [application/hal+json || application/json || application/prs.hal-forms+json]}: headCollectionResource(RootResourceInformation,DefaultedPageable)
	{POST [/{repository}], produces [application/hal+json || application/json || application/prs.hal-forms+json]}: postCollectionResource(RootResourceInformation,PersistentEntityResource,PersistentEntityResourceAssembler,String)
	{HEAD [/{repository}/{id}], produces [application/hal+json || application/json || application/prs.hal-forms+json]}: headForItemResource(RootResourceInformation,Serializable,PersistentEntityResourceAssembler)
	{GET [/{repository}], produces [application/x-spring-data-compact+json || text/uri-list]}: getCollectionResourceCompact(RootResourceInformation,DefaultedPageable,Sort,PersistentEntityResourceAssembler)
	{OPTIONS [/{repository}], produces [application/hal+json || application/json || application/prs.hal-forms+json]}: optionsForCollectionResource(RootResourceInformation)
	{PUT [/{repository}/{id}], produces [application/hal+json || application/json || application/prs.hal-forms+json]}: putItemResource(RootResourceInformation,PersistentEntityResource,Serializable,PersistentEntityResourceAssembler,ETag,String)
	{PATCH [/{repository}/{id}], produces [application/hal+json || application/json || application/prs.hal-forms+json]}: patchItemResource(RootResourceInformation,PersistentEntityResource,Serializable,PersistentEntityResourceAssembler,ETag,String)
	{DELETE [/{repository}/{id}], produces [application/hal+json || application/json || application/prs.hal-forms+json]}: deleteItemResource(RootResourceInformation,Serializable,ETag)
	{GET [/{repository}/{id}], produces [application/hal+json || application/json || application/prs.hal-forms+json]}: getItemResource(RootResourceInformation,Serializable,PersistentEntityResourceAssembler,HttpHeaders)
2023-01-13 19:02:36,506 DEBUG org.springframework.web.servlet.handler.AbstractHandlerMethodMapping [main] 
	o.s.d.r.w.RepositoryPropertyReferenceController:
	{DELETE [/{repository}/{id}/{property}/{propertyId}], produces [application/hal+json || application/json || application/prs.hal-forms+json]}: deletePropertyReferenceId(RootResourceInformation,Serializable,String,String)
	{[PATCH, PUT, POST] [/{repository}/{id}/{property}], consumes [application/json || application/x-spring-data-compact+json || text/uri-list], produces [application/hal+json || application/json || application/prs.hal-forms+json]}: createPropertyReference(RootResourceInformation,HttpMethod,CollectionModel,Serializable,String)
	{DELETE [/{repository}/{id}/{property}], produces [application/hal+json || application/json || application/prs.hal-forms+json]}: deletePropertyReference(RootResourceInformation,Serializable,String)
	{GET [/{repository}/{id}/{property}], produces [text/uri-list]}: followPropertyReferenceCompact(RootResourceInformation,Serializable,String,HttpHeaders,PersistentEntityResourceAssembler)
	{GET [/{repository}/{id}/{property}], produces [application/hal+json || application/json || application/prs.hal-forms+json]}: followPropertyReference(RootResourceInformation,Serializable,String,PersistentEntityResourceAssembler)
	{GET [/{repository}/{id}/{property}/{propertyId}], produces [application/hal+json || application/json || application/prs.hal-forms+json]}: followPropertyReference(RootResourceInformation,Serializable,String,String,PersistentEntityResourceAssembler)
2023-01-13 19:02:36,510 DEBUG org.springframework.web.servlet.handler.AbstractHandlerMethodMapping [main] 
	o.s.d.r.w.RepositorySearchController:
	{GET [/{repository}/search/{search}], produces [application/x-spring-data-compact+json]}: executeSearchCompact(RootResourceInformation,HttpHeaders,MultiValueMap,String,String,DefaultedPageable,Sort,PersistentEntityResourceAssembler)
	{OPTIONS [/{repository}/search], produces [application/hal+json || application/json || application/prs.hal-forms+json]}: optionsForSearches(RootResourceInformation)
	{OPTIONS [/{repository}/search/{search}], produces [application/hal+json || application/json || application/prs.hal-forms+json]}: optionsForSearch(RootResourceInformation,String)
	{GET [/{repository}/search], produces [application/hal+json || application/json || application/prs.hal-forms+json]}: listSearches(RootResourceInformation)
	{HEAD [/{repository}/search], produces [application/hal+json || application/json || application/prs.hal-forms+json]}: headForSearches(RootResourceInformation)
	{GET [/{repository}/search/{search}], produces [application/hal+json || application/json || application/prs.hal-forms+json]}: executeSearch(RootResourceInformation,MultiValueMap,String,DefaultedPageable,Sort,PersistentEntityResourceAssembler,HttpHeaders)
	{HEAD [/{repository}/search/{search}], produces [application/hal+json || application/json || application/prs.hal-forms+json]}: headForSearch(RootResourceInformation,String)
2023-01-13 19:02:36,511 DEBUG org.springframework.web.servlet.handler.AbstractHandlerMethodMapping [main] 
	o.s.d.r.w.RepositorySchemaController:
	{GET [/profile/{repository}], produces [application/schema+json]}: schema(RootResourceInformation)
2023-01-13 19:02:36,512 DEBUG org.springframework.web.servlet.handler.AbstractHandlerMethodMapping [main] 
	o.s.d.r.w.a.AlpsController:
	{GET [/profile/{repository}], produces [application/alps+json || */*]}: descriptor(RootResourceInformation)
	{OPTIONS [/profile/{repository}], produces [application/alps+json]}: alpsOptions()
2023-01-13 19:02:36,513 DEBUG org.springframework.web.servlet.handler.AbstractHandlerMethodMapping [main] 
	o.s.d.r.w.ProfileController:
	{GET [/profile]}: listAllFormsOfMetadata()
	{OPTIONS [/profile]}: profileOptions()
2023-01-13 19:02:36,559 INFO org.apache.juli.logging.DirectJDKLog [main] Starting ProtocolHandler ["http-nio-8081"]
2023-01-13 19:02:36,592 INFO org.springframework.boot.StartupInfoLogger [main] Started ClothshopApplication in 3.985 seconds (JVM running for 4.409)
2023-01-13 19:02:50,571 INFO org.apache.juli.logging.DirectJDKLog [http-nio-8081-exec-1] Initializing Spring DispatcherServlet 'dispatcherServlet'
2023-01-13 19:02:50,668 ERROR com.svalero.clothshop.controller.ClientController [http-nio-8081-exec-1] Validation failed for argument [0] in public org.springframework.http.ResponseEntity<com.svalero.clothshop.domain.Client> com.svalero.clothshop.controller.ClientController.addClient(com.svalero.clothshop.domain.Client): [Field error in object 'client' on field 'name': rejected value []; codes [NotBlank.client.name,NotBlank.name,NotBlank.java.lang.String,NotBlank]; arguments [org.springframework.context.support.DefaultMessageSourceResolvable: codes [client.name,name]; arguments []; default message [name]]; default message [:This field can't be blank]] 
org.springframework.web.bind.MethodArgumentNotValidException: Validation failed for argument [0] in public org.springframework.http.ResponseEntity<com.svalero.clothshop.domain.Client> com.svalero.clothshop.controller.ClientController.addClient(com.svalero.clothshop.domain.Client): [Field error in object 'client' on field 'name': rejected value []; codes [NotBlank.client.name,NotBlank.name,NotBlank.java.lang.String,NotBlank]; arguments [org.springframework.context.support.DefaultMessageSourceResolvable: codes [client.name,name]; arguments []; default message [name]]; default message [:This field can't be blank]] 
	at org.springframework.web.servlet.mvc.method.annotation.RequestResponseBodyMethodProcessor.resolveArgument(RequestResponseBodyMethodProcessor.java:141)
	at org.springframework.web.method.support.HandlerMethodArgumentResolverComposite.resolveArgument(HandlerMethodArgumentResolverComposite.java:122)
	at org.springframework.web.method.support.InvocableHandlerMethod.getMethodArgumentValues(InvocableHandlerMethod.java:179)
	at org.springframework.web.method.support.InvocableHandlerMethod.invokeForRequest(InvocableHandlerMethod.java:146)
	at org.springframework.web.servlet.mvc.method.annotation.ServletInvocableHandlerMethod.invokeAndHandle(ServletInvocableHandlerMethod.java:117)
	at org.springframework.web.servlet.mvc.method.annotation.RequestMappingHandlerAdapter.invokeHandlerMethod(RequestMappingHandlerAdapter.java:895)
	at org.springframework.web.servlet.mvc.method.annotation.RequestMappingHandlerAdapter.handleInternal(RequestMappingHandlerAdapter.java:808)
	at org.springframework.web.servlet.mvc.method.AbstractHandlerMethodAdapter.handle(AbstractHandlerMethodAdapter.java:87)
	at org.springframework.web.servlet.DispatcherServlet.doDispatch(DispatcherServlet.java:1071)
	at org.springframework.web.servlet.DispatcherServlet.doService(DispatcherServlet.java:964)
	at org.springframework.web.servlet.FrameworkServlet.processRequest(FrameworkServlet.java:1006)
	at org.springframework.web.servlet.FrameworkServlet.doPost(FrameworkServlet.java:909)
	at javax.servlet.http.HttpServlet.service(HttpServlet.java:696)
	at org.springframework.web.servlet.FrameworkServlet.service(FrameworkServlet.java:883)
	at javax.servlet.http.HttpServlet.service(HttpServlet.java:779)
	at org.apache.catalina.core.ApplicationFilterChain.internalDoFilter(ApplicationFilterChain.java:227)
	at org.apache.catalina.core.ApplicationFilterChain.doFilter(ApplicationFilterChain.java:162)
	at org.apache.tomcat.websocket.server.WsFilter.doFilter(WsFilter.java:53)
	at org.apache.catalina.core.ApplicationFilterChain.internalDoFilter(ApplicationFilterChain.java:189)
	at org.apache.catalina.core.ApplicationFilterChain.doFilter(ApplicationFilterChain.java:162)
	at org.springframework.web.filter.RequestContextFilter.doFilterInternal(RequestContextFilter.java:100)
	at org.springframework.web.filter.OncePerRequestFilter.doFilter(OncePerRequestFilter.java:117)
	at org.apache.catalina.core.ApplicationFilterChain.internalDoFilter(ApplicationFilterChain.java:189)
	at org.apache.catalina.core.ApplicationFilterChain.doFilter(ApplicationFilterChain.java:162)
	at org.springframework.web.filter.FormContentFilter.doFilterInternal(FormContentFilter.java:93)
	at org.springframework.web.filter.OncePerRequestFilter.doFilter(OncePerRequestFilter.java:117)
	at org.apache.catalina.core.ApplicationFilterChain.internalDoFilter(ApplicationFilterChain.java:189)
	at org.apache.catalina.core.ApplicationFilterChain.doFilter(ApplicationFilterChain.java:162)
	at org.springframework.web.filter.CharacterEncodingFilter.doFilterInternal(CharacterEncodingFilter.java:201)
	at org.springframework.web.filter.OncePerRequestFilter.doFilter(OncePerRequestFilter.java:117)
	at org.apache.catalina.core.ApplicationFilterChain.internalDoFilter(ApplicationFilterChain.java:189)
	at org.apache.catalina.core.ApplicationFilterChain.doFilter(ApplicationFilterChain.java:162)
	at org.apache.catalina.core.StandardWrapperValve.invoke(StandardWrapperValve.java:177)
	at org.apache.catalina.core.StandardContextValve.invoke(StandardContextValve.java:97)
	at org.apache.catalina.authenticator.AuthenticatorBase.invoke(AuthenticatorBase.java:541)
	at org.apache.catalina.core.StandardHostValve.invoke(StandardHostValve.java:135)
	at org.apache.catalina.valves.ErrorReportValve.invoke(ErrorReportValve.java:92)
	at org.apache.catalina.core.StandardEngineValve.invoke(StandardEngineValve.java:78)
	at org.apache.catalina.connector.CoyoteAdapter.service(CoyoteAdapter.java:360)
	at org.apache.coyote.http11.Http11Processor.service(Http11Processor.java:399)
	at org.apache.coyote.AbstractProcessorLight.process(AbstractProcessorLight.java:65)
	at org.apache.coyote.AbstractProtocol$ConnectionHandler.process(AbstractProtocol.java:891)
	at org.apache.tomcat.util.net.NioEndpoint$SocketProcessor.doRun(NioEndpoint.java:1784)
	at org.apache.tomcat.util.net.SocketProcessorBase.run(SocketProcessorBase.java:49)
	at org.apache.tomcat.util.threads.ThreadPoolExecutor.runWorker(ThreadPoolExecutor.java:1191)
	at org.apache.tomcat.util.threads.ThreadPoolExecutor$Worker.run(ThreadPoolExecutor.java:659)
	at org.apache.tomcat.util.threads.TaskThread$WrappingRunnable.run(TaskThread.java:61)
	at java.base/java.lang.Thread.run(Thread.java:833)
2023-01-13 19:03:05,093 DEBUG com.zaxxer.hikari.pool.HikariPool [HikariPool-1 housekeeper] HikariPool-1 - Pool stats (total=10, active=0, idle=10, waiting=0)
2023-01-13 19:03:05,094 DEBUG com.zaxxer.hikari.pool.HikariPool [HikariPool-1 housekeeper] HikariPool-1 - Fill pool skipped, pool is at sufficient level.
2023-01-13 19:03:14,794 ERROR com.svalero.clothshop.controller.ClientController [http-nio-8081-exec-6] JSON parse error: Unexpected character ('d' (code 100)): was expecting comma to separate Object entries; nested exception is com.fasterxml.jackson.core.JsonParseException: Unexpected character ('d' (code 100)): was expecting comma to separate Object entries
 at [Source: (org.springframework.util.StreamUtils$NonClosingInputStream); line: 4, column: 22]
org.springframework.http.converter.HttpMessageNotReadableException: JSON parse error: Unexpected character ('d' (code 100)): was expecting comma to separate Object entries; nested exception is com.fasterxml.jackson.core.JsonParseException: Unexpected character ('d' (code 100)): was expecting comma to separate Object entries
 at [Source: (org.springframework.util.StreamUtils$NonClosingInputStream); line: 4, column: 22]
	at org.springframework.http.converter.json.AbstractJackson2HttpMessageConverter.readJavaType(AbstractJackson2HttpMessageConverter.java:391)
	at org.springframework.http.converter.json.AbstractJackson2HttpMessageConverter.read(AbstractJackson2HttpMessageConverter.java:343)
	at org.springframework.web.servlet.mvc.method.annotation.AbstractMessageConverterMethodArgumentResolver.readWithMessageConverters(AbstractMessageConverterMethodArgumentResolver.java:185)
	at org.springframework.web.servlet.mvc.method.annotation.RequestResponseBodyMethodProcessor.readWithMessageConverters(RequestResponseBodyMethodProcessor.java:160)
	at org.springframework.web.servlet.mvc.method.annotation.RequestResponseBodyMethodProcessor.resolveArgument(RequestResponseBodyMethodProcessor.java:133)
	at org.springframework.web.method.support.HandlerMethodArgumentResolverComposite.resolveArgument(HandlerMethodArgumentResolverComposite.java:122)
	at org.springframework.web.method.support.InvocableHandlerMethod.getMethodArgumentValues(InvocableHandlerMethod.java:179)
	at org.springframework.web.method.support.InvocableHandlerMethod.invokeForRequest(InvocableHandlerMethod.java:146)
	at org.springframework.web.servlet.mvc.method.annotation.ServletInvocableHandlerMethod.invokeAndHandle(ServletInvocableHandlerMethod.java:117)
	at org.springframework.web.servlet.mvc.method.annotation.RequestMappingHandlerAdapter.invokeHandlerMethod(RequestMappingHandlerAdapter.java:895)
	at org.springframework.web.servlet.mvc.method.annotation.RequestMappingHandlerAdapter.handleInternal(RequestMappingHandlerAdapter.java:808)
	at org.springframework.web.servlet.mvc.method.AbstractHandlerMethodAdapter.handle(AbstractHandlerMethodAdapter.java:87)
	at org.springframework.web.servlet.DispatcherServlet.doDispatch(DispatcherServlet.java:1071)
	at org.springframework.web.servlet.DispatcherServlet.doService(DispatcherServlet.java:964)
	at org.springframework.web.servlet.FrameworkServlet.processRequest(FrameworkServlet.java:1006)
	at org.springframework.web.servlet.FrameworkServlet.doPost(FrameworkServlet.java:909)
	at javax.servlet.http.HttpServlet.service(HttpServlet.java:696)
	at org.springframework.web.servlet.FrameworkServlet.service(FrameworkServlet.java:883)
	at javax.servlet.http.HttpServlet.service(HttpServlet.java:779)
	at org.apache.catalina.core.ApplicationFilterChain.internalDoFilter(ApplicationFilterChain.java:227)
	at org.apache.catalina.core.ApplicationFilterChain.doFilter(ApplicationFilterChain.java:162)
	at org.apache.tomcat.websocket.server.WsFilter.doFilter(WsFilter.java:53)
	at org.apache.catalina.core.ApplicationFilterChain.internalDoFilter(ApplicationFilterChain.java:189)
	at org.apache.catalina.core.ApplicationFilterChain.doFilter(ApplicationFilterChain.java:162)
	at org.springframework.web.filter.RequestContextFilter.doFilterInternal(RequestContextFilter.java:100)
	at org.springframework.web.filter.OncePerRequestFilter.doFilter(OncePerRequestFilter.java:117)
	at org.apache.catalina.core.ApplicationFilterChain.internalDoFilter(ApplicationFilterChain.java:189)
	at org.apache.catalina.core.ApplicationFilterChain.doFilter(ApplicationFilterChain.java:162)
	at org.springframework.web.filter.FormContentFilter.doFilterInternal(FormContentFilter.java:93)
	at org.springframework.web.filter.OncePerRequestFilter.doFilter(OncePerRequestFilter.java:117)
	at org.apache.catalina.core.ApplicationFilterChain.internalDoFilter(ApplicationFilterChain.java:189)
	at org.apache.catalina.core.ApplicationFilterChain.doFilter(ApplicationFilterChain.java:162)
	at org.springframework.web.filter.CharacterEncodingFilter.doFilterInternal(CharacterEncodingFilter.java:201)
	at org.springframework.web.filter.OncePerRequestFilter.doFilter(OncePerRequestFilter.java:117)
	at org.apache.catalina.core.ApplicationFilterChain.internalDoFilter(ApplicationFilterChain.java:189)
	at org.apache.catalina.core.ApplicationFilterChain.doFilter(ApplicationFilterChain.java:162)
	at org.apache.catalina.core.StandardWrapperValve.invoke(StandardWrapperValve.java:177)
	at org.apache.catalina.core.StandardContextValve.invoke(StandardContextValve.java:97)
	at org.apache.catalina.authenticator.AuthenticatorBase.invoke(AuthenticatorBase.java:541)
	at org.apache.catalina.core.StandardHostValve.invoke(StandardHostValve.java:135)
	at org.apache.catalina.valves.ErrorReportValve.invoke(ErrorReportValve.java:92)
	at org.apache.catalina.core.StandardEngineValve.invoke(StandardEngineValve.java:78)
	at org.apache.catalina.connector.CoyoteAdapter.service(CoyoteAdapter.java:360)
	at org.apache.coyote.http11.Http11Processor.service(Http11Processor.java:399)
	at org.apache.coyote.AbstractProcessorLight.process(AbstractProcessorLight.java:65)
	at org.apache.coyote.AbstractProtocol$ConnectionHandler.process(AbstractProtocol.java:891)
	at org.apache.tomcat.util.net.NioEndpoint$SocketProcessor.doRun(NioEndpoint.java:1784)
	at org.apache.tomcat.util.net.SocketProcessorBase.run(SocketProcessorBase.java:49)
	at org.apache.tomcat.util.threads.ThreadPoolExecutor.runWorker(ThreadPoolExecutor.java:1191)
	at org.apache.tomcat.util.threads.ThreadPoolExecutor$Worker.run(ThreadPoolExecutor.java:659)
	at org.apache.tomcat.util.threads.TaskThread$WrappingRunnable.run(TaskThread.java:61)
	at java.base/java.lang.Thread.run(Thread.java:833)
Caused by: com.fasterxml.jackson.core.JsonParseException: Unexpected character ('d' (code 100)): was expecting comma to separate Object entries
 at [Source: (org.springframework.util.StreamUtils$NonClosingInputStream); line: 4, column: 22]
	at com.fasterxml.jackson.core.JsonParser._constructError(JsonParser.java:2391)
	at com.fasterxml.jackson.core.base.ParserMinimalBase._reportError(ParserMinimalBase.java:735)
	at com.fasterxml.jackson.core.base.ParserMinimalBase._reportUnexpectedChar(ParserMinimalBase.java:659)
	at com.fasterxml.jackson.core.json.UTF8StreamJsonParser.nextFieldName(UTF8StreamJsonParser.java:1056)
	at com.fasterxml.jackson.databind.deser.BeanDeserializer.deserializeFromObject(BeanDeserializer.java:399)
	at com.fasterxml.jackson.databind.deser.BeanDeserializer.deserialize(BeanDeserializer.java:185)
	at com.fasterxml.jackson.databind.deser.DefaultDeserializationContext.readRootValue(DefaultDeserializationContext.java:323)
	at com.fasterxml.jackson.databind.ObjectMapper._readMapAndClose(ObjectMapper.java:4674)
	at com.fasterxml.jackson.databind.ObjectMapper.readValue(ObjectMapper.java:3682)
	at org.springframework.http.converter.json.AbstractJackson2HttpMessageConverter.readJavaType(AbstractJackson2HttpMessageConverter.java:380)
	... 51 common frames omitted
2023-01-13 19:03:26,204 ERROR com.svalero.clothshop.controller.ClientController [http-nio-8081-exec-4] Validation failed for argument [0] in public org.springframework.http.ResponseEntity<com.svalero.clothshop.domain.Client> com.svalero.clothshop.controller.ClientController.addClient(com.svalero.clothshop.domain.Client) with 2 errors: [Field error in object 'client' on field 'name': rejected value []; codes [NotBlank.client.name,NotBlank.name,NotBlank.java.lang.String,NotBlank]; arguments [org.springframework.context.support.DefaultMessageSourceResolvable: codes [client.name,name]; arguments []; default message [name]]; default message [:This field can't be blank]] [Field error in object 'client' on field 'account': rejected value [-234]; codes [PositiveOrZero.client.account,PositiveOrZero.account,PositiveOrZero.int,PositiveOrZero]; arguments [org.springframework.context.support.DefaultMessageSourceResolvable: codes [client.account,account]; arguments []; default message [account]]; default message [:This field can only contain positive numbers or zero]] 
org.springframework.web.bind.MethodArgumentNotValidException: Validation failed for argument [0] in public org.springframework.http.ResponseEntity<com.svalero.clothshop.domain.Client> com.svalero.clothshop.controller.ClientController.addClient(com.svalero.clothshop.domain.Client) with 2 errors: [Field error in object 'client' on field 'name': rejected value []; codes [NotBlank.client.name,NotBlank.name,NotBlank.java.lang.String,NotBlank]; arguments [org.springframework.context.support.DefaultMessageSourceResolvable: codes [client.name,name]; arguments []; default message [name]]; default message [:This field can't be blank]] [Field error in object 'client' on field 'account': rejected value [-234]; codes [PositiveOrZero.client.account,PositiveOrZero.account,PositiveOrZero.int,PositiveOrZero]; arguments [org.springframework.context.support.DefaultMessageSourceResolvable: codes [client.account,account]; arguments []; default message [account]]; default message [:This field can only contain positive numbers or zero]] 
	at org.springframework.web.servlet.mvc.method.annotation.RequestResponseBodyMethodProcessor.resolveArgument(RequestResponseBodyMethodProcessor.java:141)
	at org.springframework.web.method.support.HandlerMethodArgumentResolverComposite.resolveArgument(HandlerMethodArgumentResolverComposite.java:122)
	at org.springframework.web.method.support.InvocableHandlerMethod.getMethodArgumentValues(InvocableHandlerMethod.java:179)
	at org.springframework.web.method.support.InvocableHandlerMethod.invokeForRequest(InvocableHandlerMethod.java:146)
	at org.springframework.web.servlet.mvc.method.annotation.ServletInvocableHandlerMethod.invokeAndHandle(ServletInvocableHandlerMethod.java:117)
	at org.springframework.web.servlet.mvc.method.annotation.RequestMappingHandlerAdapter.invokeHandlerMethod(RequestMappingHandlerAdapter.java:895)
	at org.springframework.web.servlet.mvc.method.annotation.RequestMappingHandlerAdapter.handleInternal(RequestMappingHandlerAdapter.java:808)
	at org.springframework.web.servlet.mvc.method.AbstractHandlerMethodAdapter.handle(AbstractHandlerMethodAdapter.java:87)
	at org.springframework.web.servlet.DispatcherServlet.doDispatch(DispatcherServlet.java:1071)
	at org.springframework.web.servlet.DispatcherServlet.doService(DispatcherServlet.java:964)
	at org.springframework.web.servlet.FrameworkServlet.processRequest(FrameworkServlet.java:1006)
	at org.springframework.web.servlet.FrameworkServlet.doPost(FrameworkServlet.java:909)
	at javax.servlet.http.HttpServlet.service(HttpServlet.java:696)
	at org.springframework.web.servlet.FrameworkServlet.service(FrameworkServlet.java:883)
	at javax.servlet.http.HttpServlet.service(HttpServlet.java:779)
	at org.apache.catalina.core.ApplicationFilterChain.internalDoFilter(ApplicationFilterChain.java:227)
	at org.apache.catalina.core.ApplicationFilterChain.doFilter(ApplicationFilterChain.java:162)
	at org.apache.tomcat.websocket.server.WsFilter.doFilter(WsFilter.java:53)
	at org.apache.catalina.core.ApplicationFilterChain.internalDoFilter(ApplicationFilterChain.java:189)
	at org.apache.catalina.core.ApplicationFilterChain.doFilter(ApplicationFilterChain.java:162)
	at org.springframework.web.filter.RequestContextFilter.doFilterInternal(RequestContextFilter.java:100)
	at org.springframework.web.filter.OncePerRequestFilter.doFilter(OncePerRequestFilter.java:117)
	at org.apache.catalina.core.ApplicationFilterChain.internalDoFilter(ApplicationFilterChain.java:189)
	at org.apache.catalina.core.ApplicationFilterChain.doFilter(ApplicationFilterChain.java:162)
	at org.springframework.web.filter.FormContentFilter.doFilterInternal(FormContentFilter.java:93)
	at org.springframework.web.filter.OncePerRequestFilter.doFilter(OncePerRequestFilter.java:117)
	at org.apache.catalina.core.ApplicationFilterChain.internalDoFilter(ApplicationFilterChain.java:189)
	at org.apache.catalina.core.ApplicationFilterChain.doFilter(ApplicationFilterChain.java:162)
	at org.springframework.web.filter.CharacterEncodingFilter.doFilterInternal(CharacterEncodingFilter.java:201)
	at org.springframework.web.filter.OncePerRequestFilter.doFilter(OncePerRequestFilter.java:117)
	at org.apache.catalina.core.ApplicationFilterChain.internalDoFilter(ApplicationFilterChain.java:189)
	at org.apache.catalina.core.ApplicationFilterChain.doFilter(ApplicationFilterChain.java:162)
	at org.apache.catalina.core.StandardWrapperValve.invoke(StandardWrapperValve.java:177)
	at org.apache.catalina.core.StandardContextValve.invoke(StandardContextValve.java:97)
	at org.apache.catalina.authenticator.AuthenticatorBase.invoke(AuthenticatorBase.java:541)
	at org.apache.catalina.core.StandardHostValve.invoke(StandardHostValve.java:135)
	at org.apache.catalina.valves.ErrorReportValve.invoke(ErrorReportValve.java:92)
	at org.apache.catalina.core.StandardEngineValve.invoke(StandardEngineValve.java:78)
	at org.apache.catalina.connector.CoyoteAdapter.service(CoyoteAdapter.java:360)
	at org.apache.coyote.http11.Http11Processor.service(Http11Processor.java:399)
	at org.apache.coyote.AbstractProcessorLight.process(AbstractProcessorLight.java:65)
	at org.apache.coyote.AbstractProtocol$ConnectionHandler.process(AbstractProtocol.java:891)
	at org.apache.tomcat.util.net.NioEndpoint$SocketProcessor.doRun(NioEndpoint.java:1784)
	at org.apache.tomcat.util.net.SocketProcessorBase.run(SocketProcessorBase.java:49)
	at org.apache.tomcat.util.threads.ThreadPoolExecutor.runWorker(ThreadPoolExecutor.java:1191)
	at org.apache.tomcat.util.threads.ThreadPoolExecutor$Worker.run(ThreadPoolExecutor.java:659)
	at org.apache.tomcat.util.threads.TaskThread$WrappingRunnable.run(TaskThread.java:61)
	at java.base/java.lang.Thread.run(Thread.java:833)
2023-01-13 19:03:35,104 DEBUG com.zaxxer.hikari.pool.HikariPool [HikariPool-1 housekeeper] HikariPool-1 - Pool stats (total=10, active=0, idle=10, waiting=0)
2023-01-13 19:03:35,104 DEBUG com.zaxxer.hikari.pool.HikariPool [HikariPool-1 housekeeper] HikariPool-1 - Fill pool skipped, pool is at sufficient level.
2023-01-13 19:03:44,155 ERROR com.svalero.clothshop.controller.ClientController [http-nio-8081-exec-8] No value present
java.util.NoSuchElementException: No value present
	at java.base/java.util.Optional.orElseThrow(Optional.java:377)
	at com.svalero.clothshop.service.ClientServiceImpl.findById(ClientServiceImpl.java:21)
	at com.svalero.clothshop.controller.ClientController.getClientId(ClientController.java:40)
	at java.base/jdk.internal.reflect.NativeMethodAccessorImpl.invoke0(Native Method)
	at java.base/jdk.internal.reflect.NativeMethodAccessorImpl.invoke(NativeMethodAccessorImpl.java:77)
	at java.base/jdk.internal.reflect.DelegatingMethodAccessorImpl.invoke(DelegatingMethodAccessorImpl.java:43)
	at java.base/java.lang.reflect.Method.invoke(Method.java:568)
	at org.springframework.web.method.support.InvocableHandlerMethod.doInvoke(InvocableHandlerMethod.java:205)
	at org.springframework.web.method.support.InvocableHandlerMethod.invokeForRequest(InvocableHandlerMethod.java:150)
	at org.springframework.web.servlet.mvc.method.annotation.ServletInvocableHandlerMethod.invokeAndHandle(ServletInvocableHandlerMethod.java:117)
	at org.springframework.web.servlet.mvc.method.annotation.RequestMappingHandlerAdapter.invokeHandlerMethod(RequestMappingHandlerAdapter.java:895)
	at org.springframework.web.servlet.mvc.method.annotation.RequestMappingHandlerAdapter.handleInternal(RequestMappingHandlerAdapter.java:808)
	at org.springframework.web.servlet.mvc.method.AbstractHandlerMethodAdapter.handle(AbstractHandlerMethodAdapter.java:87)
	at org.springframework.web.servlet.DispatcherServlet.doDispatch(DispatcherServlet.java:1071)
	at org.springframework.web.servlet.DispatcherServlet.doService(DispatcherServlet.java:964)
	at org.springframework.web.servlet.FrameworkServlet.processRequest(FrameworkServlet.java:1006)
	at org.springframework.web.servlet.FrameworkServlet.doGet(FrameworkServlet.java:898)
	at javax.servlet.http.HttpServlet.service(HttpServlet.java:670)
	at org.springframework.web.servlet.FrameworkServlet.service(FrameworkServlet.java:883)
	at javax.servlet.http.HttpServlet.service(HttpServlet.java:779)
	at org.apache.catalina.core.ApplicationFilterChain.internalDoFilter(ApplicationFilterChain.java:227)
	at org.apache.catalina.core.ApplicationFilterChain.doFilter(ApplicationFilterChain.java:162)
	at org.apache.tomcat.websocket.server.WsFilter.doFilter(WsFilter.java:53)
	at org.apache.catalina.core.ApplicationFilterChain.internalDoFilter(ApplicationFilterChain.java:189)
	at org.apache.catalina.core.ApplicationFilterChain.doFilter(ApplicationFilterChain.java:162)
	at org.springframework.web.filter.RequestContextFilter.doFilterInternal(RequestContextFilter.java:100)
	at org.springframework.web.filter.OncePerRequestFilter.doFilter(OncePerRequestFilter.java:117)
	at org.apache.catalina.core.ApplicationFilterChain.internalDoFilter(ApplicationFilterChain.java:189)
	at org.apache.catalina.core.ApplicationFilterChain.doFilter(ApplicationFilterChain.java:162)
	at org.springframework.web.filter.FormContentFilter.doFilterInternal(FormContentFilter.java:93)
	at org.springframework.web.filter.OncePerRequestFilter.doFilter(OncePerRequestFilter.java:117)
	at org.apache.catalina.core.ApplicationFilterChain.internalDoFilter(ApplicationFilterChain.java:189)
	at org.apache.catalina.core.ApplicationFilterChain.doFilter(ApplicationFilterChain.java:162)
	at org.springframework.web.filter.CharacterEncodingFilter.doFilterInternal(CharacterEncodingFilter.java:201)
	at org.springframework.web.filter.OncePerRequestFilter.doFilter(OncePerRequestFilter.java:117)
	at org.apache.catalina.core.ApplicationFilterChain.internalDoFilter(ApplicationFilterChain.java:189)
	at org.apache.catalina.core.ApplicationFilterChain.doFilter(ApplicationFilterChain.java:162)
	at org.apache.catalina.core.StandardWrapperValve.invoke(StandardWrapperValve.java:177)
	at org.apache.catalina.core.StandardContextValve.invoke(StandardContextValve.java:97)
	at org.apache.catalina.authenticator.AuthenticatorBase.invoke(AuthenticatorBase.java:541)
	at org.apache.catalina.core.StandardHostValve.invoke(StandardHostValve.java:135)
	at org.apache.catalina.valves.ErrorReportValve.invoke(ErrorReportValve.java:92)
	at org.apache.catalina.core.StandardEngineValve.invoke(StandardEngineValve.java:78)
	at org.apache.catalina.connector.CoyoteAdapter.service(CoyoteAdapter.java:360)
	at org.apache.coyote.http11.Http11Processor.service(Http11Processor.java:399)
	at org.apache.coyote.AbstractProcessorLight.process(AbstractProcessorLight.java:65)
	at org.apache.coyote.AbstractProtocol$ConnectionHandler.process(AbstractProtocol.java:891)
	at org.apache.tomcat.util.net.NioEndpoint$SocketProcessor.doRun(NioEndpoint.java:1784)
	at org.apache.tomcat.util.net.SocketProcessorBase.run(SocketProcessorBase.java:49)
	at org.apache.tomcat.util.threads.ThreadPoolExecutor.runWorker(ThreadPoolExecutor.java:1191)
	at org.apache.tomcat.util.threads.ThreadPoolExecutor$Worker.run(ThreadPoolExecutor.java:659)
	at org.apache.tomcat.util.threads.TaskThread$WrappingRunnable.run(TaskThread.java:61)
	at java.base/java.lang.Thread.run(Thread.java:833)
2023-01-13 19:03:50,745 INFO com.svalero.clothshop.controller.ClientController [http-nio-8081-exec-9] Búsqueda por id de cliente
2023-01-13 19:03:55,060 ERROR com.svalero.clothshop.controller.ClientController [http-nio-8081-exec-2] No value present
java.util.NoSuchElementException: No value present
	at java.base/java.util.Optional.orElseThrow(Optional.java:377)
	at com.svalero.clothshop.service.ClientServiceImpl.findById(ClientServiceImpl.java:21)
	at com.svalero.clothshop.controller.ClientController.getClientId(ClientController.java:40)
	at java.base/jdk.internal.reflect.NativeMethodAccessorImpl.invoke0(Native Method)
	at java.base/jdk.internal.reflect.NativeMethodAccessorImpl.invoke(NativeMethodAccessorImpl.java:77)
	at java.base/jdk.internal.reflect.DelegatingMethodAccessorImpl.invoke(DelegatingMethodAccessorImpl.java:43)
	at java.base/java.lang.reflect.Method.invoke(Method.java:568)
	at org.springframework.web.method.support.InvocableHandlerMethod.doInvoke(InvocableHandlerMethod.java:205)
	at org.springframework.web.method.support.InvocableHandlerMethod.invokeForRequest(InvocableHandlerMethod.java:150)
	at org.springframework.web.servlet.mvc.method.annotation.ServletInvocableHandlerMethod.invokeAndHandle(ServletInvocableHandlerMethod.java:117)
	at org.springframework.web.servlet.mvc.method.annotation.RequestMappingHandlerAdapter.invokeHandlerMethod(RequestMappingHandlerAdapter.java:895)
	at org.springframework.web.servlet.mvc.method.annotation.RequestMappingHandlerAdapter.handleInternal(RequestMappingHandlerAdapter.java:808)
	at org.springframework.web.servlet.mvc.method.AbstractHandlerMethodAdapter.handle(AbstractHandlerMethodAdapter.java:87)
	at org.springframework.web.servlet.DispatcherServlet.doDispatch(DispatcherServlet.java:1071)
	at org.springframework.web.servlet.DispatcherServlet.doService(DispatcherServlet.java:964)
	at org.springframework.web.servlet.FrameworkServlet.processRequest(FrameworkServlet.java:1006)
	at org.springframework.web.servlet.FrameworkServlet.doGet(FrameworkServlet.java:898)
	at javax.servlet.http.HttpServlet.service(HttpServlet.java:670)
	at org.springframework.web.servlet.FrameworkServlet.service(FrameworkServlet.java:883)
	at javax.servlet.http.HttpServlet.service(HttpServlet.java:779)
	at org.apache.catalina.core.ApplicationFilterChain.internalDoFilter(ApplicationFilterChain.java:227)
	at org.apache.catalina.core.ApplicationFilterChain.doFilter(ApplicationFilterChain.java:162)
	at org.apache.tomcat.websocket.server.WsFilter.doFilter(WsFilter.java:53)
	at org.apache.catalina.core.ApplicationFilterChain.internalDoFilter(ApplicationFilterChain.java:189)
	at org.apache.catalina.core.ApplicationFilterChain.doFilter(ApplicationFilterChain.java:162)
	at org.springframework.web.filter.RequestContextFilter.doFilterInternal(RequestContextFilter.java:100)
	at org.springframework.web.filter.OncePerRequestFilter.doFilter(OncePerRequestFilter.java:117)
	at org.apache.catalina.core.ApplicationFilterChain.internalDoFilter(ApplicationFilterChain.java:189)
	at org.apache.catalina.core.ApplicationFilterChain.doFilter(ApplicationFilterChain.java:162)
	at org.springframework.web.filter.FormContentFilter.doFilterInternal(FormContentFilter.java:93)
	at org.springframework.web.filter.OncePerRequestFilter.doFilter(OncePerRequestFilter.java:117)
	at org.apache.catalina.core.ApplicationFilterChain.internalDoFilter(ApplicationFilterChain.java:189)
	at org.apache.catalina.core.ApplicationFilterChain.doFilter(ApplicationFilterChain.java:162)
	at org.springframework.web.filter.CharacterEncodingFilter.doFilterInternal(CharacterEncodingFilter.java:201)
	at org.springframework.web.filter.OncePerRequestFilter.doFilter(OncePerRequestFilter.java:117)
	at org.apache.catalina.core.ApplicationFilterChain.internalDoFilter(ApplicationFilterChain.java:189)
	at org.apache.catalina.core.ApplicationFilterChain.doFilter(ApplicationFilterChain.java:162)
	at org.apache.catalina.core.StandardWrapperValve.invoke(StandardWrapperValve.java:177)
	at org.apache.catalina.core.StandardContextValve.invoke(StandardContextValve.java:97)
	at org.apache.catalina.authenticator.AuthenticatorBase.invoke(AuthenticatorBase.java:541)
	at org.apache.catalina.core.StandardHostValve.invoke(StandardHostValve.java:135)
	at org.apache.catalina.valves.ErrorReportValve.invoke(ErrorReportValve.java:92)
	at org.apache.catalina.core.StandardEngineValve.invoke(StandardEngineValve.java:78)
	at org.apache.catalina.connector.CoyoteAdapter.service(CoyoteAdapter.java:360)
	at org.apache.coyote.http11.Http11Processor.service(Http11Processor.java:399)
	at org.apache.coyote.AbstractProcessorLight.process(AbstractProcessorLight.java:65)
	at org.apache.coyote.AbstractProtocol$ConnectionHandler.process(AbstractProtocol.java:891)
	at org.apache.tomcat.util.net.NioEndpoint$SocketProcessor.doRun(NioEndpoint.java:1784)
	at org.apache.tomcat.util.net.SocketProcessorBase.run(SocketProcessorBase.java:49)
	at org.apache.tomcat.util.threads.ThreadPoolExecutor.runWorker(ThreadPoolExecutor.java:1191)
	at org.apache.tomcat.util.threads.ThreadPoolExecutor$Worker.run(ThreadPoolExecutor.java:659)
	at org.apache.tomcat.util.threads.TaskThread$WrappingRunnable.run(TaskThread.java:61)
	at java.base/java.lang.Thread.run(Thread.java:833)
2023-01-13 19:04:05,111 DEBUG com.zaxxer.hikari.pool.HikariPool [HikariPool-1 housekeeper] HikariPool-1 - Pool stats (total=10, active=0, idle=10, waiting=0)
2023-01-13 19:04:05,111 DEBUG com.zaxxer.hikari.pool.HikariPool [HikariPool-1 housekeeper] HikariPool-1 - Fill pool skipped, pool is at sufficient level.
2023-01-13 19:04:16,337 INFO com.svalero.clothshop.controller.ClientController [http-nio-8081-exec-6] Lista de clientes mostrada
2023-01-13 19:04:21,714 ERROR com.svalero.clothshop.controller.ClientController [http-nio-8081-exec-5] No value present
java.util.NoSuchElementException: No value present
	at java.base/java.util.Optional.orElseThrow(Optional.java:377)
	at com.svalero.clothshop.service.ClientServiceImpl.findById(ClientServiceImpl.java:21)
	at com.svalero.clothshop.controller.ClientController.getClientId(ClientController.java:40)
	at java.base/jdk.internal.reflect.NativeMethodAccessorImpl.invoke0(Native Method)
	at java.base/jdk.internal.reflect.NativeMethodAccessorImpl.invoke(NativeMethodAccessorImpl.java:77)
	at java.base/jdk.internal.reflect.DelegatingMethodAccessorImpl.invoke(DelegatingMethodAccessorImpl.java:43)
	at java.base/java.lang.reflect.Method.invoke(Method.java:568)
	at org.springframework.web.method.support.InvocableHandlerMethod.doInvoke(InvocableHandlerMethod.java:205)
	at org.springframework.web.method.support.InvocableHandlerMethod.invokeForRequest(InvocableHandlerMethod.java:150)
	at org.springframework.web.servlet.mvc.method.annotation.ServletInvocableHandlerMethod.invokeAndHandle(ServletInvocableHandlerMethod.java:117)
	at org.springframework.web.servlet.mvc.method.annotation.RequestMappingHandlerAdapter.invokeHandlerMethod(RequestMappingHandlerAdapter.java:895)
	at org.springframework.web.servlet.mvc.method.annotation.RequestMappingHandlerAdapter.handleInternal(RequestMappingHandlerAdapter.java:808)
	at org.springframework.web.servlet.mvc.method.AbstractHandlerMethodAdapter.handle(AbstractHandlerMethodAdapter.java:87)
	at org.springframework.web.servlet.DispatcherServlet.doDispatch(DispatcherServlet.java:1071)
	at org.springframework.web.servlet.DispatcherServlet.doService(DispatcherServlet.java:964)
	at org.springframework.web.servlet.FrameworkServlet.processRequest(FrameworkServlet.java:1006)
	at org.springframework.web.servlet.FrameworkServlet.doGet(FrameworkServlet.java:898)
	at javax.servlet.http.HttpServlet.service(HttpServlet.java:670)
	at org.springframework.web.servlet.FrameworkServlet.service(FrameworkServlet.java:883)
	at javax.servlet.http.HttpServlet.service(HttpServlet.java:779)
	at org.apache.catalina.core.ApplicationFilterChain.internalDoFilter(ApplicationFilterChain.java:227)
	at org.apache.catalina.core.ApplicationFilterChain.doFilter(ApplicationFilterChain.java:162)
	at org.apache.tomcat.websocket.server.WsFilter.doFilter(WsFilter.java:53)
	at org.apache.catalina.core.ApplicationFilterChain.internalDoFilter(ApplicationFilterChain.java:189)
	at org.apache.catalina.core.ApplicationFilterChain.doFilter(ApplicationFilterChain.java:162)
	at org.springframework.web.filter.RequestContextFilter.doFilterInternal(RequestContextFilter.java:100)
	at org.springframework.web.filter.OncePerRequestFilter.doFilter(OncePerRequestFilter.java:117)
	at org.apache.catalina.core.ApplicationFilterChain.internalDoFilter(ApplicationFilterChain.java:189)
	at org.apache.catalina.core.ApplicationFilterChain.doFilter(ApplicationFilterChain.java:162)
	at org.springframework.web.filter.FormContentFilter.doFilterInternal(FormContentFilter.java:93)
	at org.springframework.web.filter.OncePerRequestFilter.doFilter(OncePerRequestFilter.java:117)
	at org.apache.catalina.core.ApplicationFilterChain.internalDoFilter(ApplicationFilterChain.java:189)
	at org.apache.catalina.core.ApplicationFilterChain.doFilter(ApplicationFilterChain.java:162)
	at org.springframework.web.filter.CharacterEncodingFilter.doFilterInternal(CharacterEncodingFilter.java:201)
	at org.springframework.web.filter.OncePerRequestFilter.doFilter(OncePerRequestFilter.java:117)
	at org.apache.catalina.core.ApplicationFilterChain.internalDoFilter(ApplicationFilterChain.java:189)
	at org.apache.catalina.core.ApplicationFilterChain.doFilter(ApplicationFilterChain.java:162)
	at org.apache.catalina.core.StandardWrapperValve.invoke(StandardWrapperValve.java:177)
	at org.apache.catalina.core.StandardContextValve.invoke(StandardContextValve.java:97)
	at org.apache.catalina.authenticator.AuthenticatorBase.invoke(AuthenticatorBase.java:541)
	at org.apache.catalina.core.StandardHostValve.invoke(StandardHostValve.java:135)
	at org.apache.catalina.valves.ErrorReportValve.invoke(ErrorReportValve.java:92)
	at org.apache.catalina.core.StandardEngineValve.invoke(StandardEngineValve.java:78)
	at org.apache.catalina.connector.CoyoteAdapter.service(CoyoteAdapter.java:360)
	at org.apache.coyote.http11.Http11Processor.service(Http11Processor.java:399)
	at org.apache.coyote.AbstractProcessorLight.process(AbstractProcessorLight.java:65)
	at org.apache.coyote.AbstractProtocol$ConnectionHandler.process(AbstractProtocol.java:891)
	at org.apache.tomcat.util.net.NioEndpoint$SocketProcessor.doRun(NioEndpoint.java:1784)
	at org.apache.tomcat.util.net.SocketProcessorBase.run(SocketProcessorBase.java:49)
	at org.apache.tomcat.util.threads.ThreadPoolExecutor.runWorker(ThreadPoolExecutor.java:1191)
	at org.apache.tomcat.util.threads.ThreadPoolExecutor$Worker.run(ThreadPoolExecutor.java:659)
	at org.apache.tomcat.util.threads.TaskThread$WrappingRunnable.run(TaskThread.java:61)
	at java.base/java.lang.Thread.run(Thread.java:833)
2023-01-13 19:04:35,122 DEBUG com.zaxxer.hikari.pool.HikariPool [HikariPool-1 housekeeper] HikariPool-1 - Pool stats (total=10, active=0, idle=10, waiting=0)
2023-01-13 19:04:35,123 DEBUG com.zaxxer.hikari.pool.HikariPool [HikariPool-1 housekeeper] HikariPool-1 - Fill pool skipped, pool is at sufficient level.
2023-01-13 19:05:05,127 DEBUG com.zaxxer.hikari.pool.HikariPool [HikariPool-1 housekeeper] HikariPool-1 - Pool stats (total=10, active=0, idle=10, waiting=0)
2023-01-13 19:05:05,127 DEBUG com.zaxxer.hikari.pool.HikariPool [HikariPool-1 housekeeper] HikariPool-1 - Fill pool skipped, pool is at sufficient level.
2023-01-13 19:05:35,129 DEBUG com.zaxxer.hikari.pool.HikariPool [HikariPool-1 housekeeper] HikariPool-1 - Pool stats (total=10, active=0, idle=10, waiting=0)
2023-01-13 19:05:35,130 DEBUG com.zaxxer.hikari.pool.HikariPool [HikariPool-1 housekeeper] HikariPool-1 - Fill pool skipped, pool is at sufficient level.
