2023-01-14 13:56:23,790 DEBUG org.jboss.logging.LoggerProviders [background-preinit] Logging Provider: org.jboss.logging.Log4j2LoggerProvider
2023-01-14 13:56:23,792 INFO org.springframework.boot.StartupInfoLogger [main] Starting ClothshopApplication using Java 17.0.5 on DESKTOP-NEVGVO4 with PID 14112 (C:\Users\Joserra\Desktop\MisCursos\DAM\Curso2023\clothshop\target\classes started by Joserra in C:\Users\Joserra\Desktop\MisCursos\DAM\Curso2023\clothshop)
2023-01-14 13:56:23,794 DEBUG org.springframework.boot.StartupInfoLogger [main] Running with Spring Boot v2.7.7, Spring v5.3.24
2023-01-14 13:56:23,795 INFO org.springframework.boot.SpringApplication [main] No active profile set, falling back to 1 default profile: "default"
2023-01-14 13:56:25,021 INFO org.apache.juli.logging.DirectJDKLog [main] Initializing ProtocolHandler ["http-nio-8081"]
2023-01-14 13:56:25,022 INFO org.apache.juli.logging.DirectJDKLog [main] Starting service [Tomcat]
2023-01-14 13:56:25,024 INFO org.apache.juli.logging.DirectJDKLog [main] Starting Servlet engine: [Apache Tomcat/9.0.70]
2023-01-14 13:56:25,114 INFO org.apache.juli.logging.DirectJDKLog [main] Initializing Spring embedded WebApplicationContext
2023-01-14 13:56:25,217 DEBUG com.zaxxer.hikari.HikariConfig [main] Driver class org.h2.Driver found in Thread context class loader jdk.internal.loader.ClassLoaders$AppClassLoader@73d16e93
2023-01-14 13:56:25,576 DEBUG com.zaxxer.hikari.HikariConfig [main] HikariPool-1 - configuration:
2023-01-14 13:56:25,577 DEBUG com.zaxxer.hikari.HikariConfig [main] allowPoolSuspension................................false
2023-01-14 13:56:25,578 DEBUG com.zaxxer.hikari.HikariConfig [main] autoCommit................................true
2023-01-14 13:56:25,579 DEBUG com.zaxxer.hikari.HikariConfig [main] catalog................................none
2023-01-14 13:56:25,579 DEBUG com.zaxxer.hikari.HikariConfig [main] connectionInitSql................................none
2023-01-14 13:56:25,580 DEBUG com.zaxxer.hikari.HikariConfig [main] connectionTestQuery................................none
2023-01-14 13:56:25,580 DEBUG com.zaxxer.hikari.HikariConfig [main] connectionTimeout................................30000
2023-01-14 13:56:25,581 DEBUG com.zaxxer.hikari.HikariConfig [main] dataSource................................none
2023-01-14 13:56:25,582 DEBUG com.zaxxer.hikari.HikariConfig [main] dataSourceClassName................................none
2023-01-14 13:56:25,582 DEBUG com.zaxxer.hikari.HikariConfig [main] dataSourceJNDI................................none
2023-01-14 13:56:25,583 DEBUG com.zaxxer.hikari.HikariConfig [main] dataSourceProperties................................{password=<masked>}
2023-01-14 13:56:25,583 DEBUG com.zaxxer.hikari.HikariConfig [main] driverClassName................................"org.h2.Driver"
2023-01-14 13:56:25,583 DEBUG com.zaxxer.hikari.HikariConfig [main] exceptionOverrideClassName................................none
2023-01-14 13:56:25,583 DEBUG com.zaxxer.hikari.HikariConfig [main] healthCheckProperties................................{}
2023-01-14 13:56:25,583 DEBUG com.zaxxer.hikari.HikariConfig [main] healthCheckRegistry................................none
2023-01-14 13:56:25,584 DEBUG com.zaxxer.hikari.HikariConfig [main] idleTimeout................................600000
2023-01-14 13:56:25,584 DEBUG com.zaxxer.hikari.HikariConfig [main] initializationFailTimeout................................1
2023-01-14 13:56:25,584 DEBUG com.zaxxer.hikari.HikariConfig [main] isolateInternalQueries................................false
2023-01-14 13:56:25,584 DEBUG com.zaxxer.hikari.HikariConfig [main] jdbcUrl................................jdbc:h2:file:C:/Users/Joserra/clothshop.db
2023-01-14 13:56:25,584 DEBUG com.zaxxer.hikari.HikariConfig [main] keepaliveTime................................0
2023-01-14 13:56:25,585 DEBUG com.zaxxer.hikari.HikariConfig [main] leakDetectionThreshold................................0
2023-01-14 13:56:25,585 DEBUG com.zaxxer.hikari.HikariConfig [main] maxLifetime................................1800000
2023-01-14 13:56:25,585 DEBUG com.zaxxer.hikari.HikariConfig [main] maximumPoolSize................................10
2023-01-14 13:56:25,586 DEBUG com.zaxxer.hikari.HikariConfig [main] metricRegistry................................none
2023-01-14 13:56:25,586 DEBUG com.zaxxer.hikari.HikariConfig [main] metricsTrackerFactory................................none
2023-01-14 13:56:25,587 DEBUG com.zaxxer.hikari.HikariConfig [main] minimumIdle................................10
2023-01-14 13:56:25,587 DEBUG com.zaxxer.hikari.HikariConfig [main] password................................<masked>
2023-01-14 13:56:25,587 DEBUG com.zaxxer.hikari.HikariConfig [main] poolName................................"HikariPool-1"
2023-01-14 13:56:25,587 DEBUG com.zaxxer.hikari.HikariConfig [main] readOnly................................false
2023-01-14 13:56:25,587 DEBUG com.zaxxer.hikari.HikariConfig [main] registerMbeans................................false
2023-01-14 13:56:25,587 DEBUG com.zaxxer.hikari.HikariConfig [main] scheduledExecutor................................none
2023-01-14 13:56:25,588 DEBUG com.zaxxer.hikari.HikariConfig [main] schema................................none
2023-01-14 13:56:25,588 DEBUG com.zaxxer.hikari.HikariConfig [main] threadFactory................................internal
2023-01-14 13:56:25,588 DEBUG com.zaxxer.hikari.HikariConfig [main] transactionIsolation................................default
2023-01-14 13:56:25,588 DEBUG com.zaxxer.hikari.HikariConfig [main] username................................"clothuser"
2023-01-14 13:56:25,588 DEBUG com.zaxxer.hikari.HikariConfig [main] validationTimeout................................5000
2023-01-14 13:56:25,589 INFO com.zaxxer.hikari.HikariDataSource [main] HikariPool-1 - Starting...
2023-01-14 13:56:25,791 DEBUG com.zaxxer.hikari.pool.HikariPool [main] HikariPool-1 - Added connection conn0: url=jdbc:h2:file:C:/Users/Joserra/clothshop.db user=CLOTHUSER
2023-01-14 13:56:25,792 INFO com.zaxxer.hikari.HikariDataSource [main] HikariPool-1 - Start completed.
2023-01-14 13:56:25,904 DEBUG com.zaxxer.hikari.pool.HikariPool [HikariPool-1 housekeeper] HikariPool-1 - Pool stats (total=1, active=0, idle=1, waiting=0)
2023-01-14 13:56:25,905 DEBUG com.zaxxer.hikari.pool.HikariPool$PoolEntryCreator [HikariPool-1 connection adder] HikariPool-1 - Added connection conn1: url=jdbc:h2:file:C:/Users/Joserra/clothshop.db user=CLOTHUSER
2023-01-14 13:56:25,906 DEBUG com.zaxxer.hikari.pool.HikariPool$PoolEntryCreator [HikariPool-1 connection adder] HikariPool-1 - Added connection conn2: url=jdbc:h2:file:C:/Users/Joserra/clothshop.db user=CLOTHUSER
2023-01-14 13:56:25,907 DEBUG com.zaxxer.hikari.pool.HikariPool$PoolEntryCreator [HikariPool-1 connection adder] HikariPool-1 - Added connection conn3: url=jdbc:h2:file:C:/Users/Joserra/clothshop.db user=CLOTHUSER
2023-01-14 13:56:25,907 DEBUG com.zaxxer.hikari.pool.HikariPool$PoolEntryCreator [HikariPool-1 connection adder] HikariPool-1 - Added connection conn4: url=jdbc:h2:file:C:/Users/Joserra/clothshop.db user=CLOTHUSER
2023-01-14 13:56:25,909 DEBUG com.zaxxer.hikari.pool.HikariPool$PoolEntryCreator [HikariPool-1 connection adder] HikariPool-1 - Added connection conn5: url=jdbc:h2:file:C:/Users/Joserra/clothshop.db user=CLOTHUSER
2023-01-14 13:56:25,911 DEBUG com.zaxxer.hikari.pool.HikariPool$PoolEntryCreator [HikariPool-1 connection adder] HikariPool-1 - Added connection conn6: url=jdbc:h2:file:C:/Users/Joserra/clothshop.db user=CLOTHUSER
2023-01-14 13:56:25,911 DEBUG com.zaxxer.hikari.pool.HikariPool$PoolEntryCreator [HikariPool-1 connection adder] HikariPool-1 - Added connection conn7: url=jdbc:h2:file:C:/Users/Joserra/clothshop.db user=CLOTHUSER
2023-01-14 13:56:25,912 DEBUG com.zaxxer.hikari.pool.HikariPool$PoolEntryCreator [HikariPool-1 connection adder] HikariPool-1 - Added connection conn8: url=jdbc:h2:file:C:/Users/Joserra/clothshop.db user=CLOTHUSER
2023-01-14 13:56:25,913 DEBUG com.zaxxer.hikari.pool.HikariPool$PoolEntryCreator [HikariPool-1 connection adder] HikariPool-1 - Added connection conn9: url=jdbc:h2:file:C:/Users/Joserra/clothshop.db user=CLOTHUSER
2023-01-14 13:56:25,913 DEBUG com.zaxxer.hikari.pool.HikariPool [HikariPool-1 connection adder] HikariPool-1 - After adding stats (total=10, active=0, idle=10, waiting=0)
2023-01-14 13:56:26,752 WARN org.springframework.boot.autoconfigure.orm.jpa.JpaBaseConfiguration$JpaWebConfiguration [main] spring.jpa.open-in-view is enabled by default. Therefore, database queries may be performed during view rendering. Explicitly configure spring.jpa.open-in-view to disable this warning
2023-01-14 13:56:27,118 DEBUG org.springframework.web.servlet.handler.AbstractHandlerMethodMapping [main] 
	c.s.c.c.ClientController:
	{GET [/clients]}: getClients(String)
	{PUT [/clients/{id}]}: updateClient(long,Client)
	{POST [/clients]}: addClient(Client)
	{GET [/clients/{id}]}: getClientId(long)
	{DELETE [/clients/{id}]}: deleteClient(long)
	{PATCH [/clients/{id}]}: updateClientAddress(long,Client)
2023-01-14 13:56:27,120 DEBUG org.springframework.web.servlet.handler.AbstractHandlerMethodMapping [main] 
	c.s.c.c.DiscountController:
	{GET [/discounts/{id}]}: getDiscountId(long)
	{POST [/discounts]}: addDiscount(Discount)
	{DELETE [/discounts/{id}]}: deleteDiscount(long)
	{PUT [/discounts/{id}]}: updateDiscount(long,Discount)
	{GET [/discounts]}: getDiscounts(String)
	{PATCH [/discounts/{id}]}: updateDiscountPrice(long,Discount)
2023-01-14 13:56:27,122 DEBUG org.springframework.web.servlet.handler.AbstractHandlerMethodMapping [main] 
	c.s.c.c.ProductController:
	{DELETE [/products/{id}]}: deleteProducts(long)
	{PUT [/products/{id}]}: updateProduct(long,Product)
	{POST [/products]}: addProduct(Product)
	{PATCH [/products/{id}]}: updateProductStock(long,Product)
	{GET [/products]}: getProducts(String)
	{GET [/products/{id}]}: getProductId(long)
2023-01-14 13:56:27,124 DEBUG org.springframework.web.servlet.handler.AbstractHandlerMethodMapping [main] 
	o.s.b.a.w.s.e.BasicErrorController:
	{ [/error]}: error(HttpServletRequest)
	{ [/error], produces [text/html]}: errorHtml(HttpServletRequest,HttpServletResponse)
2023-01-14 13:56:27,136 DEBUG org.springframework.web.servlet.handler.AbstractDetectingUrlHandlerMapping [main] 'beanNameHandlerMapping' {}
2023-01-14 13:56:27,153 DEBUG org.springframework.web.servlet.handler.SimpleUrlHandlerMapping [main] 'resourceHandlerMapping' {/webjars/**=ResourceHttpRequestHandler [classpath [META-INF/resources/webjars/]], /**=ResourceHttpRequestHandler [classpath [META-INF/resources/], classpath [resources/], classpath [static/], classpath [public/], ServletContext [/]]}
2023-01-14 13:56:27,333 DEBUG org.springframework.web.servlet.handler.AbstractHandlerMethodMapping [main] 
	o.s.d.r.w.RepositoryController:
	{HEAD [/ || ], produces [application/hal+json || application/json || application/prs.hal-forms+json]}: headForRepositories()
	{OPTIONS [/ || ], produces [application/hal+json || application/json || application/prs.hal-forms+json]}: optionsForRepositories()
	{GET [/ || ], produces [application/hal+json || application/json || application/prs.hal-forms+json]}: listRepositories()
2023-01-14 13:56:27,336 DEBUG org.springframework.web.servlet.handler.AbstractHandlerMethodMapping [main] 
	o.s.d.r.w.RepositoryEntityController:
	{POST [/{repository}], produces [application/hal+json || application/json || application/prs.hal-forms+json]}: postCollectionResource(RootResourceInformation,PersistentEntityResource,PersistentEntityResourceAssembler,String)
	{OPTIONS [/{repository}/{id}], produces [application/hal+json || application/json || application/prs.hal-forms+json]}: optionsForItemResource(RootResourceInformation)
	{OPTIONS [/{repository}], produces [application/hal+json || application/json || application/prs.hal-forms+json]}: optionsForCollectionResource(RootResourceInformation)
	{HEAD [/{repository}], produces [application/hal+json || application/json || application/prs.hal-forms+json]}: headCollectionResource(RootResourceInformation,DefaultedPageable)
	{GET [/{repository}], produces [application/x-spring-data-compact+json || text/uri-list]}: getCollectionResourceCompact(RootResourceInformation,DefaultedPageable,Sort,PersistentEntityResourceAssembler)
	{HEAD [/{repository}/{id}], produces [application/hal+json || application/json || application/prs.hal-forms+json]}: headForItemResource(RootResourceInformation,Serializable,PersistentEntityResourceAssembler)
	{GET [/{repository}], produces [application/hal+json || application/json || application/prs.hal-forms+json]}: getCollectionResource(RootResourceInformation,DefaultedPageable,Sort,PersistentEntityResourceAssembler)
	{PUT [/{repository}/{id}], produces [application/hal+json || application/json || application/prs.hal-forms+json]}: putItemResource(RootResourceInformation,PersistentEntityResource,Serializable,PersistentEntityResourceAssembler,ETag,String)
	{GET [/{repository}/{id}], produces [application/hal+json || application/json || application/prs.hal-forms+json]}: getItemResource(RootResourceInformation,Serializable,PersistentEntityResourceAssembler,HttpHeaders)
	{PATCH [/{repository}/{id}], produces [application/hal+json || application/json || application/prs.hal-forms+json]}: patchItemResource(RootResourceInformation,PersistentEntityResource,Serializable,PersistentEntityResourceAssembler,ETag,String)
	{DELETE [/{repository}/{id}], produces [application/hal+json || application/json || application/prs.hal-forms+json]}: deleteItemResource(RootResourceInformation,Serializable,ETag)
2023-01-14 13:56:27,339 DEBUG org.springframework.web.servlet.handler.AbstractHandlerMethodMapping [main] 
	o.s.d.r.w.RepositoryPropertyReferenceController:
	{[PATCH, PUT, POST] [/{repository}/{id}/{property}], consumes [application/json || application/x-spring-data-compact+json || text/uri-list], produces [application/hal+json || application/json || application/prs.hal-forms+json]}: createPropertyReference(RootResourceInformation,HttpMethod,CollectionModel,Serializable,String)
	{DELETE [/{repository}/{id}/{property}], produces [application/hal+json || application/json || application/prs.hal-forms+json]}: deletePropertyReference(RootResourceInformation,Serializable,String)
	{DELETE [/{repository}/{id}/{property}/{propertyId}], produces [application/hal+json || application/json || application/prs.hal-forms+json]}: deletePropertyReferenceId(RootResourceInformation,Serializable,String,String)
	{GET [/{repository}/{id}/{property}], produces [text/uri-list]}: followPropertyReferenceCompact(RootResourceInformation,Serializable,String,HttpHeaders,PersistentEntityResourceAssembler)
	{GET [/{repository}/{id}/{property}], produces [application/hal+json || application/json || application/prs.hal-forms+json]}: followPropertyReference(RootResourceInformation,Serializable,String,PersistentEntityResourceAssembler)
	{GET [/{repository}/{id}/{property}/{propertyId}], produces [application/hal+json || application/json || application/prs.hal-forms+json]}: followPropertyReference(RootResourceInformation,Serializable,String,String,PersistentEntityResourceAssembler)
2023-01-14 13:56:27,343 DEBUG org.springframework.web.servlet.handler.AbstractHandlerMethodMapping [main] 
	o.s.d.r.w.RepositorySearchController:
	{GET [/{repository}/search/{search}], produces [application/x-spring-data-compact+json]}: executeSearchCompact(RootResourceInformation,HttpHeaders,MultiValueMap,String,String,DefaultedPageable,Sort,PersistentEntityResourceAssembler)
	{OPTIONS [/{repository}/search], produces [application/hal+json || application/json || application/prs.hal-forms+json]}: optionsForSearches(RootResourceInformation)
	{GET [/{repository}/search/{search}], produces [application/hal+json || application/json || application/prs.hal-forms+json]}: executeSearch(RootResourceInformation,MultiValueMap,String,DefaultedPageable,Sort,PersistentEntityResourceAssembler,HttpHeaders)
	{HEAD [/{repository}/search/{search}], produces [application/hal+json || application/json || application/prs.hal-forms+json]}: headForSearch(RootResourceInformation,String)
	{HEAD [/{repository}/search], produces [application/hal+json || application/json || application/prs.hal-forms+json]}: headForSearches(RootResourceInformation)
	{GET [/{repository}/search], produces [application/hal+json || application/json || application/prs.hal-forms+json]}: listSearches(RootResourceInformation)
	{OPTIONS [/{repository}/search/{search}], produces [application/hal+json || application/json || application/prs.hal-forms+json]}: optionsForSearch(RootResourceInformation,String)
2023-01-14 13:56:27,344 DEBUG org.springframework.web.servlet.handler.AbstractHandlerMethodMapping [main] 
	o.s.d.r.w.RepositorySchemaController:
	{GET [/profile/{repository}], produces [application/schema+json]}: schema(RootResourceInformation)
2023-01-14 13:56:27,345 DEBUG org.springframework.web.servlet.handler.AbstractHandlerMethodMapping [main] 
	o.s.d.r.w.a.AlpsController:
	{GET [/profile/{repository}], produces [application/alps+json || */*]}: descriptor(RootResourceInformation)
	{OPTIONS [/profile/{repository}], produces [application/alps+json]}: alpsOptions()
2023-01-14 13:56:27,345 DEBUG org.springframework.web.servlet.handler.AbstractHandlerMethodMapping [main] 
	o.s.d.r.w.ProfileController:
	{OPTIONS [/profile]}: profileOptions()
	{GET [/profile]}: listAllFormsOfMetadata()
2023-01-14 13:56:27,406 INFO org.apache.juli.logging.DirectJDKLog [main] Starting ProtocolHandler ["http-nio-8081"]
2023-01-14 13:56:27,437 INFO org.springframework.boot.StartupInfoLogger [main] Started ClothshopApplication in 3.985 seconds (JVM running for 4.42)
2023-01-14 13:56:43,195 INFO org.apache.juli.logging.DirectJDKLog [http-nio-8081-exec-2] Initializing Spring DispatcherServlet 'dispatcherServlet'
2023-01-14 13:56:43,252 ERROR com.svalero.clothshop.controller.ClientController [http-nio-8081-exec-2] Client not found
com.svalero.clothshop.exception.ClientNotFoundException: Client not found
	at java.base/java.util.Optional.orElseThrow(Optional.java:403)
	at com.svalero.clothshop.service.ClientServiceImpl.findById(ClientServiceImpl.java:22)
	at com.svalero.clothshop.controller.ClientController.getClientId(ClientController.java:41)
	at java.base/jdk.internal.reflect.NativeMethodAccessorImpl.invoke0(Native Method)
	at java.base/jdk.internal.reflect.NativeMethodAccessorImpl.invoke(NativeMethodAccessorImpl.java:77)
	at java.base/jdk.internal.reflect.DelegatingMethodAccessorImpl.invoke(DelegatingMethodAccessorImpl.java:43)
	at java.base/java.lang.reflect.Method.invoke(Method.java:568)
	at org.springframework.web.method.support.InvocableHandlerMethod.doInvoke(InvocableHandlerMethod.java:205)
	at org.springframework.web.method.support.InvocableHandlerMethod.invokeForRequest(InvocableHandlerMethod.java:150)
	at org.springframework.web.servlet.mvc.method.annotation.ServletInvocableHandlerMethod.invokeAndHandle(ServletInvocableHandlerMethod.java:117)
	at org.springframework.web.servlet.mvc.method.annotation.RequestMappingHandlerAdapter.invokeHandlerMethod(RequestMappingHandlerAdapter.java:895)
	at org.springframework.web.servlet.mvc.method.annotation.RequestMappingHandlerAdapter.handleInternal(RequestMappingHandlerAdapter.java:808)
	at org.springframework.web.servlet.mvc.method.AbstractHandlerMethodAdapter.handle(AbstractHandlerMethodAdapter.java:87)
	at org.springframework.web.servlet.DispatcherServlet.doDispatch(DispatcherServlet.java:1071)
	at org.springframework.web.servlet.DispatcherServlet.doService(DispatcherServlet.java:964)
	at org.springframework.web.servlet.FrameworkServlet.processRequest(FrameworkServlet.java:1006)
	at org.springframework.web.servlet.FrameworkServlet.doGet(FrameworkServlet.java:898)
	at javax.servlet.http.HttpServlet.service(HttpServlet.java:670)
	at org.springframework.web.servlet.FrameworkServlet.service(FrameworkServlet.java:883)
	at javax.servlet.http.HttpServlet.service(HttpServlet.java:779)
	at org.apache.catalina.core.ApplicationFilterChain.internalDoFilter(ApplicationFilterChain.java:227)
	at org.apache.catalina.core.ApplicationFilterChain.doFilter(ApplicationFilterChain.java:162)
	at org.apache.tomcat.websocket.server.WsFilter.doFilter(WsFilter.java:53)
	at org.apache.catalina.core.ApplicationFilterChain.internalDoFilter(ApplicationFilterChain.java:189)
	at org.apache.catalina.core.ApplicationFilterChain.doFilter(ApplicationFilterChain.java:162)
	at org.springframework.web.filter.RequestContextFilter.doFilterInternal(RequestContextFilter.java:100)
	at org.springframework.web.filter.OncePerRequestFilter.doFilter(OncePerRequestFilter.java:117)
	at org.apache.catalina.core.ApplicationFilterChain.internalDoFilter(ApplicationFilterChain.java:189)
	at org.apache.catalina.core.ApplicationFilterChain.doFilter(ApplicationFilterChain.java:162)
	at org.springframework.web.filter.FormContentFilter.doFilterInternal(FormContentFilter.java:93)
	at org.springframework.web.filter.OncePerRequestFilter.doFilter(OncePerRequestFilter.java:117)
	at org.apache.catalina.core.ApplicationFilterChain.internalDoFilter(ApplicationFilterChain.java:189)
	at org.apache.catalina.core.ApplicationFilterChain.doFilter(ApplicationFilterChain.java:162)
	at org.springframework.web.filter.CharacterEncodingFilter.doFilterInternal(CharacterEncodingFilter.java:201)
	at org.springframework.web.filter.OncePerRequestFilter.doFilter(OncePerRequestFilter.java:117)
	at org.apache.catalina.core.ApplicationFilterChain.internalDoFilter(ApplicationFilterChain.java:189)
	at org.apache.catalina.core.ApplicationFilterChain.doFilter(ApplicationFilterChain.java:162)
	at org.apache.catalina.core.StandardWrapperValve.invoke(StandardWrapperValve.java:177)
	at org.apache.catalina.core.StandardContextValve.invoke(StandardContextValve.java:97)
	at org.apache.catalina.authenticator.AuthenticatorBase.invoke(AuthenticatorBase.java:541)
	at org.apache.catalina.core.StandardHostValve.invoke(StandardHostValve.java:135)
	at org.apache.catalina.valves.ErrorReportValve.invoke(ErrorReportValve.java:92)
	at org.apache.catalina.core.StandardEngineValve.invoke(StandardEngineValve.java:78)
	at org.apache.catalina.connector.CoyoteAdapter.service(CoyoteAdapter.java:360)
	at org.apache.coyote.http11.Http11Processor.service(Http11Processor.java:399)
	at org.apache.coyote.AbstractProcessorLight.process(AbstractProcessorLight.java:65)
	at org.apache.coyote.AbstractProtocol$ConnectionHandler.process(AbstractProtocol.java:891)
	at org.apache.tomcat.util.net.NioEndpoint$SocketProcessor.doRun(NioEndpoint.java:1784)
	at org.apache.tomcat.util.net.SocketProcessorBase.run(SocketProcessorBase.java:49)
	at org.apache.tomcat.util.threads.ThreadPoolExecutor.runWorker(ThreadPoolExecutor.java:1191)
	at org.apache.tomcat.util.threads.ThreadPoolExecutor$Worker.run(ThreadPoolExecutor.java:659)
	at org.apache.tomcat.util.threads.TaskThread$WrappingRunnable.run(TaskThread.java:61)
	at java.base/java.lang.Thread.run(Thread.java:833)
2023-01-14 13:56:51,321 INFO com.svalero.clothshop.controller.ClientController [http-nio-8081-exec-3] Cliente añadido
2023-01-14 13:56:55,792 INFO com.svalero.clothshop.controller.ClientController [http-nio-8081-exec-4] Lista de clientes mostrada
2023-01-14 13:56:55,917 DEBUG com.zaxxer.hikari.pool.HikariPool [HikariPool-1 housekeeper] HikariPool-1 - Pool stats (total=10, active=0, idle=10, waiting=0)
2023-01-14 13:56:55,917 DEBUG com.zaxxer.hikari.pool.HikariPool [HikariPool-1 housekeeper] HikariPool-1 - Fill pool skipped, pool is at sufficient level.
2023-01-14 13:57:26,498 DEBUG org.jboss.logging.LoggerProviders [background-preinit] Logging Provider: org.jboss.logging.Log4j2LoggerProvider
2023-01-14 13:57:26,500 INFO org.springframework.boot.StartupInfoLogger [main] Starting ClothshopApplication using Java 17.0.5 on DESKTOP-NEVGVO4 with PID 16744 (C:\Users\Joserra\Desktop\MisCursos\DAM\Curso2023\clothshop\target\classes started by Joserra in C:\Users\Joserra\Desktop\MisCursos\DAM\Curso2023\clothshop)
2023-01-14 13:57:26,501 DEBUG org.springframework.boot.StartupInfoLogger [main] Running with Spring Boot v2.7.7, Spring v5.3.24
2023-01-14 13:57:26,502 INFO org.springframework.boot.SpringApplication [main] No active profile set, falling back to 1 default profile: "default"
2023-01-14 13:57:27,691 INFO org.apache.juli.logging.DirectJDKLog [main] Initializing ProtocolHandler ["http-nio-8081"]
2023-01-14 13:57:27,692 INFO org.apache.juli.logging.DirectJDKLog [main] Starting service [Tomcat]
2023-01-14 13:57:27,694 INFO org.apache.juli.logging.DirectJDKLog [main] Starting Servlet engine: [Apache Tomcat/9.0.70]
2023-01-14 13:57:27,881 INFO org.apache.juli.logging.DirectJDKLog [main] Initializing Spring embedded WebApplicationContext
2023-01-14 13:57:27,992 DEBUG com.zaxxer.hikari.HikariConfig [main] Driver class org.h2.Driver found in Thread context class loader jdk.internal.loader.ClassLoaders$AppClassLoader@73d16e93
2023-01-14 13:57:28,329 DEBUG com.zaxxer.hikari.HikariConfig [main] HikariPool-1 - configuration:
2023-01-14 13:57:28,331 DEBUG com.zaxxer.hikari.HikariConfig [main] allowPoolSuspension................................false
2023-01-14 13:57:28,332 DEBUG com.zaxxer.hikari.HikariConfig [main] autoCommit................................true
2023-01-14 13:57:28,332 DEBUG com.zaxxer.hikari.HikariConfig [main] catalog................................none
2023-01-14 13:57:28,332 DEBUG com.zaxxer.hikari.HikariConfig [main] connectionInitSql................................none
2023-01-14 13:57:28,333 DEBUG com.zaxxer.hikari.HikariConfig [main] connectionTestQuery................................none
2023-01-14 13:57:28,333 DEBUG com.zaxxer.hikari.HikariConfig [main] connectionTimeout................................30000
2023-01-14 13:57:28,333 DEBUG com.zaxxer.hikari.HikariConfig [main] dataSource................................none
2023-01-14 13:57:28,334 DEBUG com.zaxxer.hikari.HikariConfig [main] dataSourceClassName................................none
2023-01-14 13:57:28,334 DEBUG com.zaxxer.hikari.HikariConfig [main] dataSourceJNDI................................none
2023-01-14 13:57:28,334 DEBUG com.zaxxer.hikari.HikariConfig [main] dataSourceProperties................................{password=<masked>}
2023-01-14 13:57:28,334 DEBUG com.zaxxer.hikari.HikariConfig [main] driverClassName................................"org.h2.Driver"
2023-01-14 13:57:28,335 DEBUG com.zaxxer.hikari.HikariConfig [main] exceptionOverrideClassName................................none
2023-01-14 13:57:28,335 DEBUG com.zaxxer.hikari.HikariConfig [main] healthCheckProperties................................{}
2023-01-14 13:57:28,335 DEBUG com.zaxxer.hikari.HikariConfig [main] healthCheckRegistry................................none
2023-01-14 13:57:28,335 DEBUG com.zaxxer.hikari.HikariConfig [main] idleTimeout................................600000
2023-01-14 13:57:28,335 DEBUG com.zaxxer.hikari.HikariConfig [main] initializationFailTimeout................................1
2023-01-14 13:57:28,335 DEBUG com.zaxxer.hikari.HikariConfig [main] isolateInternalQueries................................false
2023-01-14 13:57:28,336 DEBUG com.zaxxer.hikari.HikariConfig [main] jdbcUrl................................jdbc:h2:file:C:/Users/Joserra/clothshop.db
2023-01-14 13:57:28,336 DEBUG com.zaxxer.hikari.HikariConfig [main] keepaliveTime................................0
2023-01-14 13:57:28,336 DEBUG com.zaxxer.hikari.HikariConfig [main] leakDetectionThreshold................................0
2023-01-14 13:57:28,336 DEBUG com.zaxxer.hikari.HikariConfig [main] maxLifetime................................1800000
2023-01-14 13:57:28,336 DEBUG com.zaxxer.hikari.HikariConfig [main] maximumPoolSize................................10
2023-01-14 13:57:28,337 DEBUG com.zaxxer.hikari.HikariConfig [main] metricRegistry................................none
2023-01-14 13:57:28,337 DEBUG com.zaxxer.hikari.HikariConfig [main] metricsTrackerFactory................................none
2023-01-14 13:57:28,337 DEBUG com.zaxxer.hikari.HikariConfig [main] minimumIdle................................10
2023-01-14 13:57:28,337 DEBUG com.zaxxer.hikari.HikariConfig [main] password................................<masked>
2023-01-14 13:57:28,337 DEBUG com.zaxxer.hikari.HikariConfig [main] poolName................................"HikariPool-1"
2023-01-14 13:57:28,337 DEBUG com.zaxxer.hikari.HikariConfig [main] readOnly................................false
2023-01-14 13:57:28,338 DEBUG com.zaxxer.hikari.HikariConfig [main] registerMbeans................................false
2023-01-14 13:57:28,338 DEBUG com.zaxxer.hikari.HikariConfig [main] scheduledExecutor................................none
2023-01-14 13:57:28,338 DEBUG com.zaxxer.hikari.HikariConfig [main] schema................................none
2023-01-14 13:57:28,338 DEBUG com.zaxxer.hikari.HikariConfig [main] threadFactory................................internal
2023-01-14 13:57:28,338 DEBUG com.zaxxer.hikari.HikariConfig [main] transactionIsolation................................default
2023-01-14 13:57:28,338 DEBUG com.zaxxer.hikari.HikariConfig [main] username................................"clothuser"
2023-01-14 13:57:28,338 DEBUG com.zaxxer.hikari.HikariConfig [main] validationTimeout................................5000
2023-01-14 13:57:28,339 INFO com.zaxxer.hikari.HikariDataSource [main] HikariPool-1 - Starting...
2023-01-14 13:57:28,543 DEBUG com.zaxxer.hikari.pool.HikariPool [main] HikariPool-1 - Added connection conn0: url=jdbc:h2:file:C:/Users/Joserra/clothshop.db user=CLOTHUSER
2023-01-14 13:57:28,545 INFO com.zaxxer.hikari.HikariDataSource [main] HikariPool-1 - Start completed.
2023-01-14 13:57:28,656 DEBUG com.zaxxer.hikari.pool.HikariPool [HikariPool-1 housekeeper] HikariPool-1 - Pool stats (total=1, active=0, idle=1, waiting=0)
2023-01-14 13:57:28,658 DEBUG com.zaxxer.hikari.pool.HikariPool$PoolEntryCreator [HikariPool-1 connection adder] HikariPool-1 - Added connection conn1: url=jdbc:h2:file:C:/Users/Joserra/clothshop.db user=CLOTHUSER
2023-01-14 13:57:28,658 DEBUG com.zaxxer.hikari.pool.HikariPool$PoolEntryCreator [HikariPool-1 connection adder] HikariPool-1 - Added connection conn2: url=jdbc:h2:file:C:/Users/Joserra/clothshop.db user=CLOTHUSER
2023-01-14 13:57:28,659 DEBUG com.zaxxer.hikari.pool.HikariPool$PoolEntryCreator [HikariPool-1 connection adder] HikariPool-1 - Added connection conn3: url=jdbc:h2:file:C:/Users/Joserra/clothshop.db user=CLOTHUSER
2023-01-14 13:57:28,660 DEBUG com.zaxxer.hikari.pool.HikariPool$PoolEntryCreator [HikariPool-1 connection adder] HikariPool-1 - Added connection conn4: url=jdbc:h2:file:C:/Users/Joserra/clothshop.db user=CLOTHUSER
2023-01-14 13:57:28,661 DEBUG com.zaxxer.hikari.pool.HikariPool$PoolEntryCreator [HikariPool-1 connection adder] HikariPool-1 - Added connection conn5: url=jdbc:h2:file:C:/Users/Joserra/clothshop.db user=CLOTHUSER
2023-01-14 13:57:28,662 DEBUG com.zaxxer.hikari.pool.HikariPool$PoolEntryCreator [HikariPool-1 connection adder] HikariPool-1 - Added connection conn6: url=jdbc:h2:file:C:/Users/Joserra/clothshop.db user=CLOTHUSER
2023-01-14 13:57:28,663 DEBUG com.zaxxer.hikari.pool.HikariPool$PoolEntryCreator [HikariPool-1 connection adder] HikariPool-1 - Added connection conn7: url=jdbc:h2:file:C:/Users/Joserra/clothshop.db user=CLOTHUSER
2023-01-14 13:57:28,663 DEBUG com.zaxxer.hikari.pool.HikariPool$PoolEntryCreator [HikariPool-1 connection adder] HikariPool-1 - Added connection conn8: url=jdbc:h2:file:C:/Users/Joserra/clothshop.db user=CLOTHUSER
2023-01-14 13:57:28,664 DEBUG com.zaxxer.hikari.pool.HikariPool$PoolEntryCreator [HikariPool-1 connection adder] HikariPool-1 - Added connection conn9: url=jdbc:h2:file:C:/Users/Joserra/clothshop.db user=CLOTHUSER
2023-01-14 13:57:28,664 DEBUG com.zaxxer.hikari.pool.HikariPool [HikariPool-1 connection adder] HikariPool-1 - After adding stats (total=10, active=0, idle=10, waiting=0)
2023-01-14 13:57:29,525 WARN org.springframework.boot.autoconfigure.orm.jpa.JpaBaseConfiguration$JpaWebConfiguration [main] spring.jpa.open-in-view is enabled by default. Therefore, database queries may be performed during view rendering. Explicitly configure spring.jpa.open-in-view to disable this warning
2023-01-14 13:57:29,901 DEBUG org.springframework.web.servlet.handler.AbstractHandlerMethodMapping [main] 
	c.s.c.c.ClientController:
	{DELETE [/clients/{id}]}: deleteClient(long)
	{PUT [/clients/{id}]}: updateClient(long,Client)
	{POST [/clients]}: addClient(Client)
	{GET [/clients/{id}]}: getClientId(long)
	{GET [/clients]}: getClients(String)
	{PATCH [/clients/{id}]}: updateClientAddress(long,Client)
2023-01-14 13:57:29,903 DEBUG org.springframework.web.servlet.handler.AbstractHandlerMethodMapping [main] 
	c.s.c.c.DiscountController:
	{DELETE [/discounts/{id}]}: deleteDiscount(long)
	{PUT [/discounts/{id}]}: updateDiscount(long,Discount)
	{GET [/discounts]}: getDiscounts(String)
	{POST [/discounts]}: addDiscount(Discount)
	{GET [/discounts/{id}]}: getDiscountId(long)
	{PATCH [/discounts/{id}]}: updateDiscountPrice(long,Discount)
2023-01-14 13:57:29,904 DEBUG org.springframework.web.servlet.handler.AbstractHandlerMethodMapping [main] 
	c.s.c.c.ProductController:
	{PATCH [/products/{id}]}: updateProductStock(long,Product)
	{GET [/products/{id}]}: getProductId(long)
	{POST [/products]}: addProduct(Product)
	{PUT [/products/{id}]}: updateProduct(long,Product)
	{GET [/products]}: getProducts(String)
	{DELETE [/products/{id}]}: deleteProducts(long)
2023-01-14 13:57:29,905 DEBUG org.springframework.web.servlet.handler.AbstractHandlerMethodMapping [main] 
	o.s.b.a.w.s.e.BasicErrorController:
	{ [/error]}: error(HttpServletRequest)
	{ [/error], produces [text/html]}: errorHtml(HttpServletRequest,HttpServletResponse)
2023-01-14 13:57:29,919 DEBUG org.springframework.web.servlet.handler.AbstractDetectingUrlHandlerMapping [main] 'beanNameHandlerMapping' {}
2023-01-14 13:57:29,936 DEBUG org.springframework.web.servlet.handler.SimpleUrlHandlerMapping [main] 'resourceHandlerMapping' {/webjars/**=ResourceHttpRequestHandler [classpath [META-INF/resources/webjars/]], /**=ResourceHttpRequestHandler [classpath [META-INF/resources/], classpath [resources/], classpath [static/], classpath [public/], ServletContext [/]]}
2023-01-14 13:57:30,100 DEBUG org.springframework.web.servlet.handler.AbstractHandlerMethodMapping [main] 
	o.s.d.r.w.RepositoryController:
	{OPTIONS [/ || ], produces [application/hal+json || application/json || application/prs.hal-forms+json]}: optionsForRepositories()
	{HEAD [/ || ], produces [application/hal+json || application/json || application/prs.hal-forms+json]}: headForRepositories()
	{GET [/ || ], produces [application/hal+json || application/json || application/prs.hal-forms+json]}: listRepositories()
2023-01-14 13:57:30,103 DEBUG org.springframework.web.servlet.handler.AbstractHandlerMethodMapping [main] 
	o.s.d.r.w.RepositoryEntityController:
	{GET [/{repository}], produces [application/hal+json || application/json || application/prs.hal-forms+json]}: getCollectionResource(RootResourceInformation,DefaultedPageable,Sort,PersistentEntityResourceAssembler)
	{GET [/{repository}], produces [application/x-spring-data-compact+json || text/uri-list]}: getCollectionResourceCompact(RootResourceInformation,DefaultedPageable,Sort,PersistentEntityResourceAssembler)
	{POST [/{repository}], produces [application/hal+json || application/json || application/prs.hal-forms+json]}: postCollectionResource(RootResourceInformation,PersistentEntityResource,PersistentEntityResourceAssembler,String)
	{OPTIONS [/{repository}], produces [application/hal+json || application/json || application/prs.hal-forms+json]}: optionsForCollectionResource(RootResourceInformation)
	{OPTIONS [/{repository}/{id}], produces [application/hal+json || application/json || application/prs.hal-forms+json]}: optionsForItemResource(RootResourceInformation)
	{HEAD [/{repository}/{id}], produces [application/hal+json || application/json || application/prs.hal-forms+json]}: headForItemResource(RootResourceInformation,Serializable,PersistentEntityResourceAssembler)
	{HEAD [/{repository}], produces [application/hal+json || application/json || application/prs.hal-forms+json]}: headCollectionResource(RootResourceInformation,DefaultedPageable)
	{PATCH [/{repository}/{id}], produces [application/hal+json || application/json || application/prs.hal-forms+json]}: patchItemResource(RootResourceInformation,PersistentEntityResource,Serializable,PersistentEntityResourceAssembler,ETag,String)
	{DELETE [/{repository}/{id}], produces [application/hal+json || application/json || application/prs.hal-forms+json]}: deleteItemResource(RootResourceInformation,Serializable,ETag)
	{GET [/{repository}/{id}], produces [application/hal+json || application/json || application/prs.hal-forms+json]}: getItemResource(RootResourceInformation,Serializable,PersistentEntityResourceAssembler,HttpHeaders)
	{PUT [/{repository}/{id}], produces [application/hal+json || application/json || application/prs.hal-forms+json]}: putItemResource(RootResourceInformation,PersistentEntityResource,Serializable,PersistentEntityResourceAssembler,ETag,String)
2023-01-14 13:57:30,105 DEBUG org.springframework.web.servlet.handler.AbstractHandlerMethodMapping [main] 
	o.s.d.r.w.RepositoryPropertyReferenceController:
	{DELETE [/{repository}/{id}/{property}], produces [application/hal+json || application/json || application/prs.hal-forms+json]}: deletePropertyReference(RootResourceInformation,Serializable,String)
	{GET [/{repository}/{id}/{property}/{propertyId}], produces [application/hal+json || application/json || application/prs.hal-forms+json]}: followPropertyReference(RootResourceInformation,Serializable,String,String,PersistentEntityResourceAssembler)
	{GET [/{repository}/{id}/{property}], produces [application/hal+json || application/json || application/prs.hal-forms+json]}: followPropertyReference(RootResourceInformation,Serializable,String,PersistentEntityResourceAssembler)
	{GET [/{repository}/{id}/{property}], produces [text/uri-list]}: followPropertyReferenceCompact(RootResourceInformation,Serializable,String,HttpHeaders,PersistentEntityResourceAssembler)
	{DELETE [/{repository}/{id}/{property}/{propertyId}], produces [application/hal+json || application/json || application/prs.hal-forms+json]}: deletePropertyReferenceId(RootResourceInformation,Serializable,String,String)
	{[PATCH, PUT, POST] [/{repository}/{id}/{property}], consumes [application/json || application/x-spring-data-compact+json || text/uri-list], produces [application/hal+json || application/json || application/prs.hal-forms+json]}: createPropertyReference(RootResourceInformation,HttpMethod,CollectionModel,Serializable,String)
2023-01-14 13:57:30,109 DEBUG org.springframework.web.servlet.handler.AbstractHandlerMethodMapping [main] 
	o.s.d.r.w.RepositorySearchController:
	{GET [/{repository}/search/{search}], produces [application/x-spring-data-compact+json]}: executeSearchCompact(RootResourceInformation,HttpHeaders,MultiValueMap,String,String,DefaultedPageable,Sort,PersistentEntityResourceAssembler)
	{HEAD [/{repository}/search], produces [application/hal+json || application/json || application/prs.hal-forms+json]}: headForSearches(RootResourceInformation)
	{GET [/{repository}/search/{search}], produces [application/hal+json || application/json || application/prs.hal-forms+json]}: executeSearch(RootResourceInformation,MultiValueMap,String,DefaultedPageable,Sort,PersistentEntityResourceAssembler,HttpHeaders)
	{OPTIONS [/{repository}/search], produces [application/hal+json || application/json || application/prs.hal-forms+json]}: optionsForSearches(RootResourceInformation)
	{HEAD [/{repository}/search/{search}], produces [application/hal+json || application/json || application/prs.hal-forms+json]}: headForSearch(RootResourceInformation,String)
	{OPTIONS [/{repository}/search/{search}], produces [application/hal+json || application/json || application/prs.hal-forms+json]}: optionsForSearch(RootResourceInformation,String)
	{GET [/{repository}/search], produces [application/hal+json || application/json || application/prs.hal-forms+json]}: listSearches(RootResourceInformation)
2023-01-14 13:57:30,111 DEBUG org.springframework.web.servlet.handler.AbstractHandlerMethodMapping [main] 
	o.s.d.r.w.RepositorySchemaController:
	{GET [/profile/{repository}], produces [application/schema+json]}: schema(RootResourceInformation)
2023-01-14 13:57:30,111 DEBUG org.springframework.web.servlet.handler.AbstractHandlerMethodMapping [main] 
	o.s.d.r.w.a.AlpsController:
	{GET [/profile/{repository}], produces [application/alps+json || */*]}: descriptor(RootResourceInformation)
	{OPTIONS [/profile/{repository}], produces [application/alps+json]}: alpsOptions()
2023-01-14 13:57:30,112 DEBUG org.springframework.web.servlet.handler.AbstractHandlerMethodMapping [main] 
	o.s.d.r.w.ProfileController:
	{GET [/profile]}: listAllFormsOfMetadata()
	{OPTIONS [/profile]}: profileOptions()
2023-01-14 13:57:30,160 INFO org.apache.juli.logging.DirectJDKLog [main] Starting ProtocolHandler ["http-nio-8081"]
2023-01-14 13:57:30,187 INFO org.springframework.boot.StartupInfoLogger [main] Started ClothshopApplication in 4.043 seconds (JVM running for 4.478)
2023-01-14 13:57:38,866 INFO org.apache.juli.logging.DirectJDKLog [http-nio-8081-exec-2] Initializing Spring DispatcherServlet 'dispatcherServlet'
2023-01-14 13:57:39,006 INFO com.svalero.clothshop.controller.ClientController [http-nio-8081-exec-2] Cliente añadido
2023-01-14 13:57:50,852 INFO com.svalero.clothshop.controller.DiscountController [http-nio-8081-exec-3] Lista de descuentos
2023-01-14 13:57:58,662 DEBUG com.zaxxer.hikari.pool.HikariPool [HikariPool-1 housekeeper] HikariPool-1 - Pool stats (total=10, active=0, idle=10, waiting=0)
2023-01-14 13:57:58,662 DEBUG com.zaxxer.hikari.pool.HikariPool [HikariPool-1 housekeeper] HikariPool-1 - Fill pool skipped, pool is at sufficient level.
